[LOG] Log truncated due to size limit
[07.12.2025 22:13:00.072] [TimeLight FRAME] 03 65 20 [07] > 01 04 35 6a 
[07.12.2025 22:13:00.195] [TimeLight FRAME] 0a 65 20 [08] > 6e 20 38 0d 3b 00 01 32 03 2c 6a Remaining time: 01:50
[07.12.2025 22:13:03.070] [TimeLight FRAME] 03 65 20 [07] > 06 74 d2 6a 
[07.12.2025 22:13:03.192] [TimeLight FRAME] 0a 65 20 [08] > 6e 20 38 0d 3b 00 01 32 03 2c 6a Remaining time: 01:50
[07.12.2025 22:13:03.303] [TimeLight FRAME] 03 65 20 [05] > 20 56 14 6a < button press/ reset select?
[07.12.2025 22:13:28.279] [TimeLight FRAME] 0a 65 20 [08] > 6e 20 38 0e 00 00 01 32 df 08 6a Remaining time: 01:50
[07.12.2025 22:13:33.036] [TimeLight FRAME] 03 65 20 [06] > 0a 86 6f 6a < door closed
[07.12.2025 22:13:33.153] [TimeLight FRAME] 0a 65 20 [08] > 01 20 38 0c 0b 00 00 01 e4 ef 6a Remaining time: 00:01
[07.12.2025 22:13:33.272] [TimeLight FRAME] 05 65 20 [04] > 00 00 00 a7 fb 6a < program start
[07.12.2025 22:14:28.260] [TimeLight FRAME] 0a 65 20 [08] > 01 20 38 0c 0c 00 00 01 b5 c2 6a Remaining time: 00:01
[07.12.2025 22:14:33.556] [TimeLight FRAME] 03 65 20 [07] > 03 24 77 6a < ?
[07.12.2025 22:14:33.679] [TimeLight FRAME] 03 65 20 [06] > 0a 86 6f 6a < door (still) closed
[07.12.2025 22:14:33.812] [TimeLight FRAME] 0a 65 20 [08] > 00 20 38 0c 0b 00 00 00 b3 1d 6a Remaining time: 00:00
[07.12.2025 22:14:33.953] [TimeLight FRAME] 03 65 20 [00] > 64 a1 a1 6a < program end
[07.12.2025 22:15:20.479] [TimeLight FRAME] 03 65 20 [06] > 02 07 67 6a < door open
[07.12.2025 22:15:23.639] [TimeLight FRAME] 03 65 20 [12] > 00 e8 92 6a < machine off
[LOG] device reset!
[07.12.2025 22:25:25.796] [TimeLight FRAME] 0a 65 20 [08] > 9b 34 40 0e 38 00 02 23 9a 31 6a Remaining time: 02:35
[07.12.2025 22:25:28.189] [TimeLight FRAME] 0a 65 20 [08] > 9b 34 40 0e 39 00 02 23 ec 85 6a Remaining time: 02:35
[07.12.2025 22:25:29.054] [TimeLight FRAME] 0a 65 20 [08] > c3 28 30 0f 25 00 03 0f 31 ac 6a Remaining time: 03:15
[07.12.2025 22:25:56.297] [TimeLight FRAME] 03 65 20 [07] > 01 04 35 6a 
[07.12.2025 22:25:57.444] [TimeLight FRAME] 0a 65 20 [08] > c3 28 30 0f 25 00 03 0f 31 ac 6a Remaining time: 03:15
[07.12.2025 22:25:59.253] [TimeLight FRAME] 03 65 20 [07] > 06 74 d2 6a 
[07.12.2025 22:26:00.382] [TimeLight FRAME] 03 65 20 [07] > 06 74 d2 6a 
[07.12.2025 22:26:00.518] [TimeLight FRAME] 0a 65 20 [08] > c3 28 30 0f 25 00 03 0f 31 ac 6a Remaining time: 03:15
[07.12.2025 22:26:00.655] [TimeLight FRAME] 03 65 20 [05] > 20 56 14 6a 
[07.12.2025 22:26:12.743] [TimeLight FRAME] 03 65 20 [06] > 0a 86 6f 6a 
[07.12.2025 22:26:12.888] [TimeLight FRAME] 0a 65 20 [08] > 01 28 30 0c 17 00 00 01 2e 95 6a Remaining time: 00:01
[07.12.2025 22:26:12.038] [TimeLight FRAME] 05 65 20 [04] > 00 00 00 a7 fb 6a 
[07.12.2025 22:26:28.192] [TimeLight FRAME] 0a 65 20 [08] > 01 28 30 0c 18 00 00 01 fa 7b 6a Remaining time: 00:01
[07.12.2025 22:27:12.506] [TimeLight FRAME] 03 65 20 [07] > 03 24 77 6a 
[07.12.2025 22:27:12.646] [TimeLight FRAME] 03 65 20 [06] > 0a 86 6f 6a 
[07.12.2025 22:27:12.797] [TimeLight FRAME] 0a 65 20 [08] > 00 28 30 0c 17 00 00 00 79 67 6a Remaining time: 00:00
[07.12.2025 22:27:12.949] [TimeLight FRAME] 03 65 20 [00] > 64 a1 a1 6a  < program end
[07.12.2025 22:27:28.180] [TimeLight FRAME] 0a 65 20 [08] > 00 28 30 0c 18 00 00 00 ad 89 6a Remaining time: 00:00
[07.12.2025 22:28:28.185] [TimeLight FRAME] 0a 65 20 [08] > 00 28 30 0c 19 00 00 00 db 3d 6a Remaining time: 00:00
[LOG] device reset!
[08.12.2025 12:33:28.842] [TimeLight FRAME] 0a 65 20 [08] > c3 28 30 05 2d 00 03 0f f2 c1 6a Remaining time: 03:15
[08.12.2025 12:33:34.200] [TimeLight FRAME] 03 65 20 [06] > 02 07 67 6a 
[08.12.2025 12:33:37.382] [TimeLight FRAME] 03 65 20 [06] > 0a 86 6f 6a 
[08.12.2025 12:33:59.831] [TimeLight FRAME] 03 65 20 [07] > 02 34 56 6a 
[08.12.2025 12:33:59.982] [TimeLight FRAME] 03 65 20 [12] > 01 f8 b3 6a 
[08.12.2025 12:33:59.133] [TimeLight FRAME] 03 65 20 [06] > 0a 86 6f 6a 
[08.12.2025 12:33:59.288] [TimeLight FRAME] 0a 65 20 [08] > c3 28 30 05 2d 00 03 0f f2 c1 6a Remaining time: 03:15
[08.12.2025 12:34:28.826] [TimeLight FRAME] 0a 65 20 [08] > c3 28 30 05 2e 00 03 0f 69 1d 6a Remaining time: 03:15
[08.12.2025 12:35:28.828] [TimeLight FRAME] 0a 65 20 [08] > c3 28 30 05 2f 00 03 0f 1f a9 6a Remaining time: 03:15
[08.12.2025 12:36:28.833] [TimeLight FRAME] 0a 65 20 [08] > c3 28 30 05 30 00 03 0f d0 e0 6a Remaining time: 03:15
[LOG] device reset!
[08.12.2025 13:10:23.621] [TimeLight FRAME] 0a 65 20 [08] > c3 28 30 06 15 00 03 0f b5 39 Remaining time: 03:15
[08.12.2025 13:10:28.086] [TimeLight FRAME] 0a 65 20 [08] > c3 28 30 06 16 00 03 0f 2e e5 6a Remaining time: 03:15
[08.12.2025 13:10:39.565] [TimeLight FRAME] 0a 65 20 [08] > 9b 34 40 05 2a 00 02 23 80 01 6a Remaining time: 02:35
[08.12.2025 13:11:28.088] [TimeLight FRAME] 0a 65 20 [08] > 9b 34 40 05 2b 00 02 23 f6 b5 6a Remaining time: 02:35
[08.12.2025 13:12:06.147] [TimeLight FRAME] 0a 65 20 [08] > c3 28 30 06 17 00 03 0f 58 51 6a Remaining time: 03:15
[08.12.2025 13:12:09.209] [TimeLight FRAME] 03 65 20 [12] > 00 e8 92 6a 
[LOG] device reset!
[01.01.1970 01:00:06.621] [TimeLight FRAME] 0a 65 20 [08] > c3 28 30 06 29 00 03 0f d6 e2 Remaining time: 03:15
[08.12.2025 13:30:28.091] [TimeLight FRAME] 0a 65 20 [08] > c3 28 30 06 2a 00 03 0f 4d 3e 6a Remaining time: 03:15
[08.12.2025 13:31:28.096] [TimeLight FRAME] 0a 65 20 [08] > c3 28 30 06 2b 00 03 0f 3b 8a 6a Remaining time: 03:15
[08.12.2025 13:32:28.099] [TimeLight FRAME] 0a 65 20 [08] > c3 28 30 06 2c 00 03 0f 6a a7 6a Remaining time: 03:15
[08.12.2025 13:33:28.080] [TimeLight FRAME] 0a 65 20 [08] > c3 28 30 06 2d 00 03 0f 1c 13 6a Remaining time: 03:15
[08.12.2025 13:34:28.085] [TimeLight FRAME] 0a 65 20 [08] > c3 28 30 06 2e 00 03 0f 87 cf 6a Remaining time: 03:15
[08.12.2025 13:35:28.087] [TimeLight FRAME] 0a 65 20 [08] > c3 28 30 06 2f 00 03 0f f1 7b 6a Remaining time: 03:15
[08.12.2025 13:36:28.091] [TimeLight FRAME] 0a 65 20 [08] > c3 28 30 06 30 00 03 0f 3e 32 6a Remaining time: 03:15
[08.12.2025 13:37:28.092] [TimeLight FRAME] 0a 65 20 [08] > c3 28 30 06 31 00 03 0f 48 86 6a Remaining time: 03:15
[08.12.2025 13:38:28.075] [TimeLight FRAME] 0a 65 20 [08] > c3 28 30 06 32 00 03 0f d3 5a 6a Remaining time: 03:15
[08.12.2025 13:39:28.077] [TimeLight FRAME] 0a 65 20 [08] > c3 28 30 06 33 00 03 0f a5 ee 6a Remaining time: 03:15
[08.12.2025 13:40:28.081] [TimeLight FRAME] 0a 65 20 [08] > c3 28 30 06 34 00 03 0f f4 c3 6a Remaining time: 03:15
[08.12.2025 13:41:28.083] [TimeLight FRAME] 0a 65 20 [08] > c3 28 30 06 35 00 03 0f 82 77 6a Remaining time: 03:15
[08.12.2025 13:42:28.086] [TimeLight FRAME] 0a 65 20 [08] > c3 28 30 06 36 00 03 0f 19 ab 6a Remaining time: 03:15
[08.12.2025 13:43:28.069] [TimeLight FRAME] 0a 65 20 [08] > c3 28 30 06 37 00 03 0f 6f 1f 6a Remaining time: 03:15
[08.12.2025 13:44:28.071] [TimeLight FRAME] 0a 65 20 [08] > c3 28 30 06 38 00 03 0f bb f1 6a Remaining time: 03:15
[08.12.2025 13:45:28.074] [TimeLight FRAME] 0a 65 20 [08] > c3 28 30 06 39 00 03 0f cd 45 6a Remaining time: 03:15
[08.12.2025 13:46:28.075] [TimeLight FRAME] 0a 65 20 [08] > c3 28 30 06 3a 00 03 0f 56 99 6a Remaining time: 03:15
[08.12.2025 13:47:28.079] [TimeLight FRAME] 0a 65 20 [08] > c3 28 30 06 3b 00 03 0f 20 2d 6a Remaining time: 03:15
[08.12.2025 13:48:28.082] [TimeLight FRAME] 0a 65 20 [08] > c3 28 30 07 00 00 03 0f b8 8a 6a Remaining time: 03:15
[08.12.2025 13:49:28.065] [TimeLight FRAME] 0a 65 20 [08] > c3 28 30 07 01 00 03 0f ce 3e 6a Remaining time: 03:15
[08.12.2025 13:50:28.066] [TimeLight FRAME] 0a 65 20 [08] > c3 28 30 07 02 00 03 0f 55 e2 6a Remaining time: 03:15
[08.12.2025 13:51:28.070] [TimeLight FRAME] 0a 65 20 [08] > c3 28 30 07 03 00 03 0f 23 56 6a Remaining time: 03:15
[08.12.2025 13:52:28.071] [TimeLight FRAME] 0a 65 20 [08] > c3 28 30 07 04 00 03 0f 72 7b 6a Remaining time: 03:15
[08.12.2025 13:52:39.461] [TimeLight FRAME] 03 65 20 [06] > 02 07 67 6a 
[08.12.2025 13:52:41.651] [TimeLight FRAME] 03 65 20 [06] > 0a 86 6f 6a 
[08.12.2025 13:53:28.074] [TimeLight FRAME] 0a 65 20 [08] > c3 28 30 07 05 00 03 0f 04 cf 6a Remaining time: 03:15
[08.12.2025 13:54:28.077] [TimeLight FRAME] 0a 65 20 [08] > c3 28 30 07 06 00 03 0f 9f 13 6a Remaining time: 03:15
[08.12.2025 13:55:23.803] [TimeLight FRAME] 03 65 20 [06] > 02 07 67 6a 
[08.12.2025 13:55:28.058] [TimeLight FRAME] 0a 65 20 [08] > c3 28 30 07 07 00 03 0f e9 a7 6a Remaining time: 03:15
[08.12.2025 13:56:28.062] [TimeLight FRAME] 0a 65 20 [08] > c3 28 30 07 08 00 03 0f 3d 49 6a Remaining time: 03:15
[08.12.2025 13:57:28.062] [TimeLight FRAME] 0a 65 20 [08] > c3 28 30 07 09 00 03 0f 4b fd 6a Remaining time: 03:15
[08.12.2025 13:58:28.065] [TimeLight FRAME] 0a 65 20 [08] > c3 28 30 07 0a 00 03 0f d0 21 6a Remaining time: 03:15
[08.12.2025 13:58:40.418] [TimeLight FRAME] 03 65 20 [12] > 00 e8 92 6a 
[LOG] device reset!
[01.01.1970 01:00:07.553] [TimeLight FRAME] 0a 65 20 [08] > c3 28 30 0c 34 00 03 0f b2 6d Remaining time: 03:15
[08.12.2025 19:41:27.432] [TimeLight FRAME] 0a 65 20 [08] > c3 28 30 0c 35 00 03 0f c4 d9 6a Remaining time: 03:15
[08.12.2025 19:41:29.627] [TimeLight FRAME] 03 65 20 [06] > 00 27 25 6a 
[08.12.2025 19:41:29.758] [TimeLight FRAME] 0a 65 20 [08] > c3 28 30 0c 35 00 03 0f c4 d9 6a Remaining time: 03:15
[08.12.2025 19:41:48.348] [TimeLight FRAME] 03 65 20 [07] > 01 04 35 6a 
[08.12.2025 19:41:49.471] [TimeLight FRAME] 0a 65 20 [08] > c3 28 30 0c 35 00 03 0f c4 d9 6a Remaining time: 03:15
[08.12.2025 19:42:05.011] [TimeLight FRAME] 03 65 20 [07] > 01 04 35 6a 
[08.12.2025 19:42:05.137] [TimeLight FRAME] 03 65 20 [06] > 08 a6 2d 6a 
[08.12.2025 19:42:05.275] [TimeLight FRAME] 06 65 20 [02] > 00 00 00 00 3b fd 6a 
[08.12.2025 19:42:07.582] [TimeLight FRAME] 04 65 20 [13] > ff ff 0c 58 6a 
[08.12.2025 19:42:08.942] [TimeLight FRAME] 0a 65 20 [08] > c3 28 30 0c 35 00 03 0f c4 d9 6a Remaining time: 03:15
[08.12.2025 19:42:08.083] [TimeLight FRAME] 03 65 20 [00] > 00 8d 83 6a 
[08.12.2025 19:42:08.216] [TimeLight FRAME] 05 65 20 [04] > 00 00 00 a7 fb 6a 
[08.12.2025 19:42:08.352] [TimeLight FRAME] 03 65 20 [05] > 21 46 35 6a 
[08.12.2025 19:42:09.493] [TimeLight FRAME] 05 65 20 [04] > 80 00 00 9c a1 6a 
[08.12.2025 19:42:09.637] [TimeLight FRAME] 05 65 20 [04] > 20 00 00 21 3d 6a 
[08.12.2025 19:42:13.571] [TimeLight FRAME] 03 65 20 [09] > 00 37 1b 6a 
[08.12.2025 19:42:15.569] [TimeLight FRAME] 03 65 20 [09] > 00 37 1b 6a 
[08.12.2025 19:42:26.554] [TimeLight FRAME] 03 65 20 [09] > 00 37 1b 6a 
[08.12.2025 19:42:27.423] [TimeLight FRAME] 0a 65 20 [08] > c3 28 30 0c 36 00 03 0f 5f 05 6a Remaining time: 03:15
[08.12.2025 19:42:28.570] [TimeLight FRAME] 03 65 20 [09] > 00 37 1b 6a 
[08.12.2025 19:42:48.523] [TimeLight FRAME] 03 65 20 [09] > 00 37 1b 6a 
[08.12.2025 19:42:52.006] [TimeLight FRAME] 03 65 20 [09] > 00 37 1b 6a 
[08.12.2025 19:42:57.511] [TimeLight FRAME] 03 65 20 [09] > 00 37 1b 6a 
[08.12.2025 19:42:59.264] [TimeLight FRAME] 03 65 20 [09] > 00 37 1b 6a 
[08.12.2025 19:43:07.910] [TimeLight FRAME] 0a 65 20 [08] > c2 28 30 0c 35 00 03 0e 93 2b 6a Remaining time: 03:14
[08.12.2025 19:43:07.073] [TimeLight FRAME] 03 65 20 [00] > 01 9d a2 6a 
[08.12.2025 19:43:14.487] [TimeLight FRAME] 03 65 20 [09] > 00 37 1b 6a 
[08.12.2025 19:43:24.227] [TimeLight FRAME] 03 65 20 [09] > 00 37 1b 6a 
[08.12.2025 19:43:27.421] [TimeLight FRAME] 0a 65 20 [08] > c2 28 30 0c 36 00 03 0e 08 f7 6a Remaining time: 03:14
[08.12.2025 19:43:33.460] [TimeLight FRAME] 03 65 20 [09] > 00 37 1b 6a 
[08.12.2025 19:43:34.728] [TimeLight FRAME] 03 65 20 [09] > 00 37 1b 6a 
[08.12.2025 19:43:35.972] [TimeLight FRAME] 03 65 20 [09] > 00 37 1b 6a 
[08.12.2025 19:43:36.460] [TimeLight FRAME] 03 65 20 [09] > 00 37 1b 6a 
[08.12.2025 19:44:07.825] [TimeLight FRAME] 0a 65 20 [08] > c1 28 30 0c 35 00 03 0d 6b 3d 6a Remaining time: 03:13
[08.12.2025 19:44:07.985] [TimeLight FRAME] 03 65 20 [00] > 01 9d a2 6a 
[08.12.2025 19:44:16.416] [TimeLight FRAME] 03 65 20 [09] > 00 37 1b 6a 
[08.12.2025 19:44:17.589] [TimeLight FRAME] 03 65 20 [09] > 00 37 1b 6a 
[08.12.2025 19:44:21.441] [TimeLight FRAME] 03 65 20 [09] > 00 37 1b 6a 
[08.12.2025 19:44:24.162] [TimeLight FRAME] 03 65 20 [09] > 00 37 1b 6a 
[08.12.2025 19:44:27.436] [TimeLight FRAME] 0a 65 20 [08] > c1 28 30 0c 36 00 03 0d f0 e1 6a Remaining time: 03:13
[08.12.2025 19:44:38.385] [TimeLight FRAME] 03 65 20 [09] > 00 37 1b 6a 
[08.12.2025 19:44:49.309] [TimeLight FRAME] 03 65 20 [09] > 00 37 1b 6a 
[08.12.2025 19:44:59.360] [TimeLight FRAME] 03 65 20 [09] > 00 37 1b 6a 
[08.12.2025 19:45:01.358] [TimeLight FRAME] 03 65 20 [09] > 00 37 1b 6a 
[08.12.2025 19:45:02.518] [TimeLight FRAME] 03 65 20 [09] > 00 37 1b 6a 
[08.12.2025 19:45:07.750] [TimeLight FRAME] 0a 65 20 [08] > c0 28 30 0c 35 00 03 0c 3c cf 6a Remaining time: 03:12
[08.12.2025 19:45:07.919] [TimeLight FRAME] 03 65 20 [00] > 02 ad c1 6a 
[08.12.2025 19:45:19.787] [TimeLight FRAME] 03 65 20 [09] > 00 37 1b 6a 
[08.12.2025 19:45:27.425] [TimeLight FRAME] 0a 65 20 [08] > c0 28 30 0c 36 00 03 0c a7 13 6a Remaining time: 03:12
[08.12.2025 19:46:07.680] [TimeLight FRAME] 0a 65 20 [08] > bf 28 30 0c 35 00 03 0b 25 e6 6a Remaining time: 03:11
[08.12.2025 19:46:07.838] [TimeLight FRAME] 03 65 20 [00] > 02 ad c1 6a 
[08.12.2025 19:46:27.431] [TimeLight FRAME] 0a 65 20 [08] > bf 28 30 0c 36 00 03 0b be 3a 6a Remaining time: 03:11
[08.12.2025 19:47:07.604] [TimeLight FRAME] 0a 65 20 [08] > be 28 30 0c 35 00 03 0a 72 14 6a Remaining time: 03:10
[08.12.2025 19:47:07.782] [TimeLight FRAME] 03 65 20 [00] > 03 bd e0 6a 
[08.12.2025 19:47:27.416] [TimeLight FRAME] 0a 65 20 [08] > be 28 30 0c 36 00 03 0a e9 c8 6a Remaining time: 03:10
[08.12.2025 19:48:07.527] [TimeLight FRAME] 0a 65 20 [08] > bd 28 30 0c 35 00 03 09 8a 02 6a Remaining time: 03:09
[08.12.2025 19:48:07.713] [TimeLight FRAME] 03 65 20 [00] > 03 bd e0 6a 
[08.12.2025 19:48:27.423] [TimeLight FRAME] 0a 65 20 [08] > bd 28 30 0c 36 00 03 09 11 de 6a Remaining time: 03:09
[08.12.2025 19:49:07.473] [TimeLight FRAME] 0a 65 20 [08] > bc 28 30 0c 35 00 03 08 dd f0 6a Remaining time: 03:08
[08.12.2025 19:49:07.655] [TimeLight FRAME] 03 65 20 [00] > 04 cd 07 6a 
[08.12.2025 19:49:27.428] [TimeLight FRAME] 0a 65 20 [08] > bc 28 30 0c 36 00 03 08 46 2c 6a Remaining time: 03:08
[08.12.2025 19:50:06.397] [TimeLight FRAME] 0a 65 20 [08] > bb 28 30 0c 35 00 03 07 eb 07 6a Remaining time: 03:07
[08.12.2025 19:50:07.586] [TimeLight FRAME] 03 65 20 [00] > 04 cd 07 6a 
[08.12.2025 19:50:27.414] [TimeLight FRAME] 0a 65 20 [08] > bb 28 30 0c 36 00 03 07 70 db 6a Remaining time: 03:07
[08.12.2025 19:51:06.322] [TimeLight FRAME] 0a 65 20 [08] > ba 28 30 0c 35 00 03 06 bc f5 6a Remaining time: 03:06
[08.12.2025 19:51:07.514] [TimeLight FRAME] 03 65 20 [00] > 05 dd 26 6a 
[08.12.2025 19:51:17.891] [TimeLight FRAME] 03 65 20 [09] > 00 37 1b 6a 
[08.12.2025 19:51:27.420] [TimeLight FRAME] 0a 65 20 [08] > ba 28 30 0c 36 00 03 06 27 29 6a Remaining time: 03:06
[08.12.2025 19:52:06.246] [TimeLight FRAME] 0a 65 20 [08] > b9 28 30 0c 35 00 03 05 44 e3 6a Remaining time: 03:05
[08.12.2025 19:52:06.451] [TimeLight FRAME] 03 65 20 [00] > 05 dd 26 6a 
[08.12.2025 19:52:17.815] [TimeLight FRAME] 03 65 20 [09] > 00 37 1b 6a 
[08.12.2025 19:52:19.814] [TimeLight FRAME] 03 65 20 [09] > 00 37 1b 6a 
[08.12.2025 19:52:27.428] [TimeLight FRAME] 0a 65 20 [08] > b9 28 30 0c 36 00 03 05 df 3f 6a Remaining time: 03:05
[08.12.2025 19:52:49.789] [TimeLight FRAME] 03 65 20 [09] > 00 37 1b 6a 
[08.12.2025 19:53:06.176] [TimeLight FRAME] 0a 65 20 [08] > b8 28 30 0c 35 00 03 04 13 11 6a Remaining time: 03:04
[08.12.2025 19:53:06.285] [TimeLight FRAME] 03 65 20 [00] > 06 ed 45 6a 
[08.12.2025 19:53:27.414] [TimeLight FRAME] 0a 65 20 [08] > b8 28 30 0c 36 00 03 04 88 cd 6a Remaining time: 03:04
[08.12.2025 19:54:06.100] [TimeLight FRAME] 0a 65 20 [08] > b7 28 30 0c 35 00 03 03 ba 34 6a Remaining time: 03:03
[08.12.2025 19:54:06.218] [TimeLight FRAME] 03 65 20 [00] > 06 ed 45 6a 
[08.12.2025 19:54:27.419] [TimeLight FRAME] 0a 65 20 [08] > b7 28 30 0c 36 00 03 03 21 e8 6a Remaining time: 03:03
[08.12.2025 19:54:49.636] [TimeLight FRAME] 03 65 20 [09] > 00 37 1b 6a 
[08.12.2025 19:55:04.614] [TimeLight FRAME] 03 65 20 [09] > 00 37 1b 6a 
[08.12.2025 19:55:06.026] [TimeLight FRAME] 0a 65 20 [08] > b6 28 30 0c 35 00 03 02 ed c6 6a Remaining time: 03:02
[08.12.2025 19:55:06.155] [TimeLight FRAME] 03 65 20 [00] > 07 fd 64 6a 
[08.12.2025 19:55:10.768] [TimeLight FRAME] 03 65 20 [09] > 00 37 1b 6a 
[08.12.2025 19:55:10.932] [TimeLight FRAME] 03 65 20 [05] > 22 76 56 6a 
[08.12.2025 19:55:25.583] [TimeLight FRAME] 03 65 20 [09] > 00 37 1b 6a 
[08.12.2025 19:55:25.715] [TimeLight FRAME] 03 65 20 [09] > 00 37 1b 6a 
[08.12.2025 19:55:27.412] [TimeLight FRAME] 0a 65 20 [08] > b6 28 30 0c 36 00 03 02 76 1a 6a Remaining time: 03:02
[08.12.2025 19:55:35.571] [TimeLight FRAME] 03 65 20 [09] > 00 37 1b 6a 
[08.12.2025 19:56:06.943] [TimeLight FRAME] 0a 65 20 [08] > b5 28 30 0c 35 00 03 01 15 d0 6a Remaining time: 03:01
[08.12.2025 19:56:06.069] [TimeLight FRAME] 03 65 20 [00] > 07 fd 64 6a 
[08.12.2025 19:56:27.418] [TimeLight FRAME] 0a 65 20 [08] > b5 28 30 0c 36 00 03 01 8e 0c 6a Remaining time: 03:01
[08.12.2025 19:57:06.875] [TimeLight FRAME] 0a 65 20 [08] > b4 28 30 0c 35 00 03 00 42 22 6a Remaining time: 03:00
[08.12.2025 19:57:06.018] [TimeLight FRAME] 03 65 20 [00] > 08 0c 8b 6a 
[08.12.2025 19:57:27.416] [TimeLight FRAME] 0a 65 20 [08] > b4 28 30 0c 36 00 03 00 d9 fe 6a Remaining time: 03:00
[08.12.2025 19:58:06.786] [TimeLight FRAME] 0a 65 20 [08] > b3 28 30 0c 35 00 02 3b 31 33 6a Remaining time: 02:59
[08.12.2025 19:58:06.913] [TimeLight FRAME] 03 65 20 [00] > 08 0c 8b 6a 
[08.12.2025 19:58:27.408] [TimeLight FRAME] 0a 65 20 [08] > b3 28 30 0c 36 00 02 3b aa ef 6a Remaining time: 02:59
[08.12.2025 19:59:06.718] [TimeLight FRAME] 0a 65 20 [08] > b2 28 30 0c 35 00 02 3a 66 c1 6a Remaining time: 02:58
[08.12.2025 19:59:06.870] [TimeLight FRAME] 03 65 20 [00] > 09 1c aa 6a 
[08.12.2025 19:59:27.410] [TimeLight FRAME] 0a 65 20 [08] > b2 28 30 0c 36 00 02 3a fd 1d 6a Remaining time: 02:58
[08.12.2025 20:00:06.650] [TimeLight FRAME] 0a 65 20 [08] > b1 28 30 0c 35 00 02 39 9e d7 6a Remaining time: 02:57
[08.12.2025 20:00:06.815] [TimeLight FRAME] 03 65 20 [00] > 09 1c aa 6a 
[08.12.2025 20:00:27.414] [TimeLight FRAME] 0a 65 20 [08] > b1 28 30 0c 36 00 02 39 05 0b 6a Remaining time: 02:57
[08.12.2025 20:01:06.580] [TimeLight FRAME] 0a 65 20 [08] > b0 28 30 0c 35 00 02 38 c9 25 6a Remaining time: 02:56
[08.12.2025 20:01:06.702] [TimeLight FRAME] 03 65 20 [00] > 0a 2c c9 6a 
[08.12.2025 20:01:27.422] [TimeLight FRAME] 0a 65 20 [08] > b0 28 30 0c 36 00 02 38 52 f9 6a Remaining time: 02:56
[08.12.2025 20:02:06.485] [TimeLight FRAME] 0a 65 20 [08] > af 28 30 0c 35 00 02 37 dc bc 6a Remaining time: 02:55
[08.12.2025 20:02:06.618] [TimeLight FRAME] 03 65 20 [00] > 0a 2c c9 6a 
[08.12.2025 20:02:27.422] [TimeLight FRAME] 0a 65 20 [08] > af 28 30 0c 36 00 02 37 47 60 6a Remaining time: 02:55
[08.12.2025 20:03:05.418] [TimeLight FRAME] 0a 65 20 [08] > ae 28 30 0c 35 00 02 36 8b 4e 6a Remaining time: 02:54
[08.12.2025 20:03:06.536] [TimeLight FRAME] 03 65 20 [00] > 0b 3c e8 6a 
[08.12.2025 20:03:27.401] [TimeLight FRAME] 0a 65 20 [08] > ae 28 30 0c 36 00 02 36 10 92 6a Remaining time: 02:54
[08.12.2025 20:04:05.355] [TimeLight FRAME] 0a 65 20 [08] > ad 28 30 0c 35 00 02 35 73 58 6a Remaining time: 02:53
[08.12.2025 20:04:06.501] [TimeLight FRAME] 03 65 20 [00] > 0b 3c e8 6a 
[08.12.2025 20:04:27.418] [TimeLight FRAME] 0a 65 20 [08] > ad 28 30 0c 36 00 02 35 e8 84 6a Remaining time: 02:53
[08.12.2025 20:05:05.265] [TimeLight FRAME] 0a 65 20 [08] > ac 28 30 0c 35 00 02 34 24 aa 6a Remaining time: 02:52
[08.12.2025 20:05:05.429] [TimeLight FRAME] 03 65 20 [00] > 0c 4c 0f 6a 
[08.12.2025 20:05:27.426] [TimeLight FRAME] 0a 65 20 [08] > ac 28 30 0c 36 00 02 34 bf 76 6a Remaining time: 02:52
[08.12.2025 20:06:05.199] [TimeLight FRAME] 0a 65 20 [08] > ab 28 30 0c 35 00 02 33 93 55 6a Remaining time: 02:51
[08.12.2025 20:06:05.346] [TimeLight FRAME] 03 65 20 [00] > 0c 4c 0f 6a 
[08.12.2025 20:06:27.407] [TimeLight FRAME] 0a 65 20 [08] > ab 28 30 0c 36 00 02 33 08 89 6a Remaining time: 02:51
[08.12.2025 20:07:05.131] [TimeLight FRAME] 0a 65 20 [08] > aa 28 30 0c 35 00 02 32 c4 a7 6a Remaining time: 02:50
[08.12.2025 20:07:05.288] [TimeLight FRAME] 03 65 20 [00] > 0d 5c 2e 6a 
[08.12.2025 20:07:27.412] [TimeLight FRAME] 0a 65 20 [08] > aa 28 30 0c 36 00 02 32 5f 7b 6a Remaining time: 02:50
[08.12.2025 20:08:05.039] [TimeLight FRAME] 0a 65 20 [08] > a9 28 30 0c 35 00 02 31 3c b1 6a Remaining time: 02:49
[08.12.2025 20:08:05.213] [TimeLight FRAME] 03 65 20 [00] > 0d 5c 2e 6a 
[08.12.2025 20:08:27.411] [TimeLight FRAME] 0a 65 20 [08] > a9 28 30 0c 36 00 02 31 a7 6d 6a Remaining time: 02:49
[08.12.2025 20:09:05.967] [TimeLight FRAME] 0a 65 20 [08] > a8 28 30 0c 35 00 02 30 6b 43 6a Remaining time: 02:48
[08.12.2025 20:09:05.131] [TimeLight FRAME] 03 65 20 [00] > 0e 6c 4d 6a 
[08.12.2025 20:09:27.416] [TimeLight FRAME] 0a 65 20 [08] > a8 28 30 0c 36 00 02 30 f0 9f 6a Remaining time: 02:48
[08.12.2025 20:10:05.904] [TimeLight FRAME] 0a 65 20 [08] > a7 28 30 0c 35 00 02 2f 51 5f 6a Remaining time: 02:47
[08.12.2025 20:10:05.087] [TimeLight FRAME] 03 65 20 [00] > 0e 6c 4d 6a 
[08.12.2025 20:10:27.407] [TimeLight FRAME] 0a 65 20 [08] > a7 28 30 0c 36 00 02 2f ca 83 6a Remaining time: 02:47
[08.12.2025 20:11:05.816] [TimeLight FRAME] 0a 65 20 [08] > a6 28 30 0c 35 00 02 2e 06 ad 6a Remaining time: 02:46
[08.12.2025 20:11:05.992] [TimeLight FRAME] 03 65 20 [00] > 0f 7c 6c 6a 
[08.12.2025 20:11:27.416] [TimeLight FRAME] 0a 65 20 [08] > a6 28 30 0c 36 00 02 2e 9d 71 6a Remaining time: 02:46
[08.12.2025 20:12:05.752] [TimeLight FRAME] 0a 65 20 [08] > a5 28 30 0c 35 00 02 2d fe bb 6a Remaining time: 02:45
[08.12.2025 20:12:05.930] [TimeLight FRAME] 03 65 20 [00] > 0f 7c 6c 6a 
[08.12.2025 20:12:27.398] [TimeLight FRAME] 0a 65 20 [08] > a5 28 30 0c 36 00 02 2d 65 67 6a Remaining time: 02:45
[08.12.2025 20:13:05.661] [TimeLight FRAME] 0a 65 20 [08] > a4 28 30 0c 35 00 02 2c a9 49 6a Remaining time: 02:44
[08.12.2025 20:13:05.856] [TimeLight FRAME] 03 65 20 [00] > 10 9f b2 6a 
[08.12.2025 20:13:27.409] [TimeLight FRAME] 0a 65 20 [08] > a4 28 30 0c 36 00 02 2c 32 95 6a Remaining time: 02:44
[08.12.2025 20:14:05.586] [TimeLight FRAME] 0a 65 20 [08] > a3 28 30 0c 35 00 02 2b 1e b6 6a Remaining time: 02:43
[08.12.2025 20:14:05.775] [TimeLight FRAME] 03 65 20 [00] > 10 9f b2 6a 
[08.12.2025 20:14:27.408] [TimeLight FRAME] 0a 65 20 [08] > a3 28 30 0c 36 00 02 2b 85 6a 6a Remaining time: 02:43
[08.12.2025 20:15:05.519] [TimeLight FRAME] 0a 65 20 [08] > a2 28 30 0c 35 00 02 2a 49 44 6a Remaining time: 02:42
[08.12.2025 20:15:05.729] [TimeLight FRAME] 03 65 20 [00] > 11 8f 93 6a 
[08.12.2025 20:15:27.412] [TimeLight FRAME] 0a 65 20 [08] > a2 28 30 0c 36 00 02 2a d2 98 6a Remaining time: 02:42
[08.12.2025 20:16:04.434] [TimeLight FRAME] 0a 65 20 [08] > a1 28 30 0c 35 00 02 29 b1 52 6a Remaining time: 02:41
[08.12.2025 20:16:05.639] [TimeLight FRAME] 03 65 20 [00] > 11 8f 93 6a 
[08.12.2025 20:16:25.012] [TimeLight FRAME] 03 65 20 [09] > 00 37 1b 6a 
[08.12.2025 20:16:27.989] [TimeLight FRAME] 03 65 20 [09] > 00 37 1b 6a 
[08.12.2025 20:16:27.395] [TimeLight FRAME] 0a 65 20 [08] > a1 28 30 0c 36 00 02 29 2a 8e 6a Remaining time: 02:41
[08.12.2025 20:16:37.980] [TimeLight FRAME] 03 65 20 [09] > 00 37 1b 6a 
[08.12.2025 20:16:37.237] [TimeLight FRAME] 03 65 20 [09] > 00 37 1b 6a 
[08.12.2025 20:17:04.361] [TimeLight FRAME] 0a 65 20 [08] > a0 28 30 0c 35 00 02 28 e6 a0 6a Remaining time: 02:40
[08.12.2025 20:17:05.641] [TimeLight FRAME] 03 65 20 [00] > 12 bf f0 6a 
[08.12.2025 20:17:27.398] [TimeLight FRAME] 0a 65 20 [08] > a0 28 30 0c 36 00 02 28 7d 7c 6a Remaining time: 02:40
[08.12.2025 20:18:04.282] [TimeLight FRAME] 0a 65 20 [08] > 9f 28 30 0c 35 00 02 27 88 51 6a Remaining time: 02:39
[08.12.2025 20:18:04.388] [TimeLight FRAME] 03 65 20 [00] > 12 bf f0 6a 
[08.12.2025 20:18:27.393] [TimeLight FRAME] 0a 65 20 [08] > 9f 28 30 0c 36 00 02 27 13 8d 6a Remaining time: 02:39
[08.12.2025 20:19:04.201] [TimeLight FRAME] 0a 65 20 [08] > 9e 28 30 0c 35 00 02 26 df a3 6a Remaining time: 02:38
[08.12.2025 20:19:04.325] [TimeLight FRAME] 03 65 20 [00] > 13 af d1 6a 
[08.12.2025 20:19:09.617] [TimeLight FRAME] 03 65 20 [09] > 00 37 1b 6a 
[08.12.2025 20:19:20.458] [TimeLight FRAME] 03 65 20 [09] > 00 37 1b 6a 
[08.12.2025 20:19:21.769] [TimeLight FRAME] 03 65 20 [09] > 00 37 1b 6a 
[08.12.2025 20:19:23.767] [TimeLight FRAME] 03 65 20 [09] > 00 37 1b 6a 
[08.12.2025 20:19:27.409] [TimeLight FRAME] 0a 65 20 [08] > 9e 28 30 0c 36 00 02 26 44 7f 6a Remaining time: 02:38
[08.12.2025 20:19:43.738] [TimeLight FRAME] 03 65 20 [09] > 00 37 1b 6a 
[08.12.2025 20:20:04.118] [TimeLight FRAME] 0a 65 20 [08] > 9d 28 30 0c 35 00 02 25 27 b5 6a Remaining time: 02:37
[08.12.2025 20:20:04.209] [TimeLight FRAME] 03 65 20 [00] > 13 af d1 6a 
[08.12.2025 20:20:27.394] [TimeLight FRAME] 0a 65 20 [08] > 9d 28 30 0c 36 00 02 25 bc 69 6a Remaining time: 02:37
[08.12.2025 20:20:43.661] [TimeLight FRAME] 03 65 20 [09] > 00 37 1b 6a 
[08.12.2025 20:20:45.660] [TimeLight FRAME] 03 65 20 [09] > 00 37 1b 6a 
[08.12.2025 20:21:04.043] [TimeLight FRAME] 0a 65 20 [08] > 9c 28 30 0c 35 00 02 24 70 47 6a Remaining time: 02:36
[08.12.2025 20:21:04.148] [TimeLight FRAME] 03 65 20 [00] > 14 df 36 6a 
[08.12.2025 20:21:15.632] [TimeLight FRAME] 03 65 20 [09] > 00 37 1b 6a 
[08.12.2025 20:21:27.404] [TimeLight FRAME] 0a 65 20 [08] > 9c 28 30 0c 36 00 02 24 eb 9b 6a Remaining time: 02:36
[08.12.2025 20:22:04.967] [TimeLight FRAME] 0a 65 20 [08] > 9b 28 30 0c 35 00 02 23 c7 b8 6a Remaining time: 02:35
[08.12.2025 20:22:04.085] [TimeLight FRAME] 03 65 20 [00] > 15 cf 17 6a 
[08.12.2025 20:22:27.406] [TimeLight FRAME] 0a 65 20 [08] > 9b 28 30 0c 36 00 02 23 5c 64 6a Remaining time: 02:35
[08.12.2025 20:23:04.887] [TimeLight FRAME] 0a 65 20 [08] > 9a 28 30 0c 35 00 02 22 90 4a 6a Remaining time: 02:34
[08.12.2025 20:23:04.006] [TimeLight FRAME] 03 65 20 [00] > 15 cf 17 6a 
[08.12.2025 20:23:27.409] [TimeLight FRAME] 0a 65 20 [08] > 9a 28 30 0c 36 00 02 22 0b 96 6a Remaining time: 02:34
[08.12.2025 20:24:04.810] [TimeLight FRAME] 0a 65 20 [08] > 99 28 30 0c 35 00 02 21 68 5c 6a Remaining time: 02:33
[08.12.2025 20:24:04.946] [TimeLight FRAME] 03 65 20 [00] > 16 ff 74 6a 
[08.12.2025 20:24:27.391] [TimeLight FRAME] 0a 65 20 [08] > 99 28 30 0c 36 00 02 21 f3 80 6a Remaining time: 02:33
[08.12.2025 20:25:04.731] [TimeLight FRAME] 0a 65 20 [08] > 98 28 30 0c 35 00 02 20 3f ae 6a Remaining time: 02:32
[08.12.2025 20:25:04.865] [TimeLight FRAME] 03 65 20 [00] > 16 ff 74 6a 
[08.12.2025 20:25:27.394] [TimeLight FRAME] 0a 65 20 [08] > 98 28 30 0c 36 00 02 20 a4 72 6a Remaining time: 02:32
[08.12.2025 20:26:04.672] [TimeLight FRAME] 0a 65 20 [08] > 97 28 30 0c 35 00 02 1f 21 d0 6a Remaining time: 02:31
[08.12.2025 20:26:04.811] [TimeLight FRAME] 03 65 20 [00] > 17 ef 55 6a 
[08.12.2025 20:26:27.397] [TimeLight FRAME] 0a 65 20 [08] > 97 28 30 0c 36 00 02 1f ba 0c 6a Remaining time: 02:31
[08.12.2025 20:27:04.594] [TimeLight FRAME] 0a 65 20 [08] > 96 28 30 0c 35 00 02 1e 76 22 6a Remaining time: 02:30
[08.12.2025 20:27:04.726] [TimeLight FRAME] 03 65 20 [00] > 17 ef 55 6a 
[08.12.2025 20:27:27.399] [TimeLight FRAME] 0a 65 20 [08] > 96 28 30 0c 36 00 02 1e ed fe 6a Remaining time: 02:30
[08.12.2025 20:28:04.515] [TimeLight FRAME] 0a 65 20 [08] > 95 28 30 0c 35 00 02 1d 8e 34 6a Remaining time: 02:29
[08.12.2025 20:28:04.658] [TimeLight FRAME] 03 65 20 [00] > 18 1e ba 6a 
[08.12.2025 20:28:27.403] [TimeLight FRAME] 0a 65 20 [08] > 95 28 30 0c 36 00 02 1d 15 e8 6a Remaining time: 02:29
[08.12.2025 20:29:03.436] [TimeLight FRAME] 0a 65 20 [08] > 94 28 30 0c 35 00 02 1c d9 c6 6a Remaining time: 02:28
[08.12.2025 20:29:04.602] [TimeLight FRAME] 03 65 20 [00] > 18 1e ba 6a 
[08.12.2025 20:29:27.404] [TimeLight FRAME] 0a 65 20 [08] > 94 28 30 0c 36 00 02 1c 42 1a 6a Remaining time: 02:28
[08.12.2025 20:30:03.357] [TimeLight FRAME] 0a 65 20 [08] > 93 28 30 0c 35 00 02 1b 6e 39 6a Remaining time: 02:27
[08.12.2025 20:30:04.512] [TimeLight FRAME] 03 65 20 [00] > 19 0e 9b 6a 
[08.12.2025 20:30:27.407] [TimeLight FRAME] 0a 65 20 [08] > 93 28 30 0c 36 00 02 1b f5 e5 6a Remaining time: 02:27
[08.12.2025 20:31:03.278] [TimeLight FRAME] 0a 65 20 [08] > 92 28 30 0c 35 00 02 1a 39 cb 6a Remaining time: 02:26
[08.12.2025 20:31:03.438] [TimeLight FRAME] 03 65 20 [00] > 19 0e 9b 6a 
[08.12.2025 20:31:27.390] [TimeLight FRAME] 0a 65 20 [08] > 92 28 30 0c 36 00 02 1a a2 17 6a Remaining time: 02:26
[08.12.2025 20:32:03.199] [TimeLight FRAME] 0a 65 20 [08] > 91 28 30 0c 35 00 02 19 c1 dd 6a Remaining time: 02:25
[08.12.2025 20:32:03.376] [TimeLight FRAME] 03 65 20 [00] > 1a 3e f8 6a 
[08.12.2025 20:32:27.392] [TimeLight FRAME] 0a 65 20 [08] > 91 28 30 0c 36 00 02 19 5a 01 6a Remaining time: 02:25
[08.12.2025 20:33:03.119] [TimeLight FRAME] 0a 65 20 [08] > 90 28 30 0c 35 00 02 18 96 2f 6a Remaining time: 02:24
[08.12.2025 20:33:03.295] [TimeLight FRAME] 03 65 20 [00] > 1a 3e f8 6a 
[08.12.2025 20:33:27.394] [TimeLight FRAME] 0a 65 20 [08] > 90 28 30 0c 36 00 02 18 0d f3 6a Remaining time: 02:24
[08.12.2025 20:34:03.041] [TimeLight FRAME] 0a 65 20 [08] > 8f 28 30 0c 35 00 02 17 83 b6 6a Remaining time: 02:23
[08.12.2025 20:34:03.219] [TimeLight FRAME] 03 65 20 [00] > 1b 2e d9 6a 
[08.12.2025 20:34:27.396] [TimeLight FRAME] 0a 65 20 [08] > 8f 28 30 0c 36 00 02 17 18 6a 6a Remaining time: 02:23
[08.12.2025 20:35:03.962] [TimeLight FRAME] 0a 65 20 [08] > 8e 28 30 0c 35 00 02 16 d4 44 6a Remaining time: 02:22
[08.12.2025 20:35:03.132] [TimeLight FRAME] 03 65 20 [00] > 1b 2e d9 6a 
[08.12.2025 20:35:27.399] [TimeLight FRAME] 0a 65 20 [08] > 8e 28 30 0c 36 00 02 16 4f 98 6a Remaining time: 02:22
[08.12.2025 20:36:03.881] [TimeLight FRAME] 0a 65 20 [08] > 8d 28 30 0c 35 00 02 15 2c 52 6a Remaining time: 02:21
[08.12.2025 20:36:03.082] [TimeLight FRAME] 03 65 20 [00] > 1c 5e 3e 6a 
[08.12.2025 20:36:27.401] [TimeLight FRAME] 0a 65 20 [08] > 8d 28 30 0c 36 00 02 15 b7 8e 6a Remaining time: 02:21
[08.12.2025 20:37:03.803] [TimeLight FRAME] 0a 65 20 [08] > 8c 28 30 0c 35 00 02 14 7b a0 6a Remaining time: 02:20
[08.12.2025 20:37:03.010] [TimeLight FRAME] 03 65 20 [00] > 1c 5e 3e 6a 
[08.12.2025 20:37:27.403] [TimeLight FRAME] 0a 65 20 [08] > 8c 28 30 0c 36 00 02 14 e0 7c 6a Remaining time: 02:20
[08.12.2025 20:38:03.724] [TimeLight FRAME] 0a 65 20 [08] > 8b 28 30 0c 35 00 02 13 cc 5f 6a Remaining time: 02:19
[08.12.2025 20:38:03.920] [TimeLight FRAME] 03 65 20 [00] > 1d 4e 1f 6a 
[08.12.2025 20:38:27.407] [TimeLight FRAME] 0a 65 20 [08] > 8b 28 30 0c 36 00 02 13 57 83 6a Remaining time: 02:19
[08.12.2025 20:39:03.665] [TimeLight FRAME] 0a 65 20 [08] > 8a 28 30 0c 35 00 02 12 9b ad 6a Remaining time: 02:18
[08.12.2025 20:39:03.842] [TimeLight FRAME] 03 65 20 [00] > 1d 4e 1f 6a 
[08.12.2025 20:39:27.389] [TimeLight FRAME] 0a 65 20 [08] > 8a 28 30 0c 36 00 02 12 00 71 6a Remaining time: 02:18
[08.12.2025 20:40:03.586] [TimeLight FRAME] 0a 65 20 [08] > 89 28 30 0c 35 00 02 11 63 bb 6a Remaining time: 02:17
[08.12.2025 20:40:03.744] [TimeLight FRAME] 03 65 20 [00] > 1e 7e 7c 6a 
[08.12.2025 20:40:27.390] [TimeLight FRAME] 0a 65 20 [08] > 89 28 30 0c 36 00 02 11 f8 67 6a Remaining time: 02:17
[08.12.2025 20:41:03.507] [TimeLight FRAME] 0a 65 20 [08] > 88 28 30 0c 35 00 02 10 34 49 6a Remaining time: 02:16
[08.12.2025 20:41:03.695] [TimeLight FRAME] 03 65 20 [00] > 1e 7e 7c 6a 
[08.12.2025 20:41:27.392] [TimeLight FRAME] 0a 65 20 [08] > 88 28 30 0c 36 00 02 10 af 95 6a Remaining time: 02:16
[08.12.2025 20:42:02.427] [TimeLight FRAME] 0a 65 20 [08] > 87 28 30 0c 35 00 02 0f 0e 55 6a Remaining time: 02:15
[08.12.2025 20:42:03.625] [TimeLight FRAME] 03 65 20 [00] > 1f 6e 5d 6a 
[08.12.2025 20:42:27.394] [TimeLight FRAME] 0a 65 20 [08] > 87 28 30 0c 36 00 02 0f 95 89 6a Remaining time: 02:15
[08.12.2025 20:43:02.348] [TimeLight FRAME] 0a 65 20 [08] > 86 28 30 0c 35 00 02 0e 59 a7 6a Remaining time: 02:14
[08.12.2025 20:43:03.616] [TimeLight FRAME] 03 65 20 [00] > 1f 6e 5d 6a 
[08.12.2025 20:43:27.396] [TimeLight FRAME] 0a 65 20 [08] > 86 28 30 0c 36 00 02 0e c2 7b 6a Remaining time: 02:14
[08.12.2025 20:44:02.269] [TimeLight FRAME] 0a 65 20 [08] > 85 28 30 0c 35 00 02 0d a1 b1 6a Remaining time: 02:13
[08.12.2025 20:44:02.353] [TimeLight FRAME] 03 65 20 [00] > 20 a9 e1 6a 
[08.12.2025 20:44:27.399] [TimeLight FRAME] 0a 65 20 [08] > 85 28 30 0c 36 00 02 0d 3a 6d 6a Remaining time: 02:13
[08.12.2025 20:45:02.189] [TimeLight FRAME] 0a 65 20 [08] > 84 28 30 0c 35 00 02 0c f6 43 6a Remaining time: 02:12
[08.12.2025 20:45:02.279] [TimeLight FRAME] 03 65 20 [00] > 20 a9 e1 6a 
[08.12.2025 20:45:27.401] [TimeLight FRAME] 0a 65 20 [08] > 84 28 30 0c 36 00 02 0c 6d 9f 6a Remaining time: 02:12
[08.12.2025 20:46:02.110] [TimeLight FRAME] 0a 65 20 [08] > 83 28 30 0c 35 00 02 0b 41 bc 6a Remaining time: 02:11
[08.12.2025 20:46:02.226] [TimeLight FRAME] 03 65 20 [00] > 21 b9 c0 6a 
[08.12.2025 20:46:27.405] [TimeLight FRAME] 0a 65 20 [08] > 83 28 30 0c 36 00 02 0b da 60 6a Remaining time: 02:11
[08.12.2025 20:46:33.668] [TimeLight FRAME] 03 65 20 [09] > 00 37 1b 6a 
[08.12.2025 20:47:02.040] [TimeLight FRAME] 0a 65 20 [08] > 82 28 30 0c 35 00 02 0a 16 4e 6a Remaining time: 02:10
[08.12.2025 20:47:02.156] [TimeLight FRAME] 03 65 20 [00] > 21 b9 c0 6a 
[08.12.2025 20:47:27.392] [TimeLight FRAME] 0a 65 20 [08] > 82 28 30 0c 36 00 02 0a 8d 92 6a Remaining time: 02:10
[08.12.2025 20:48:02.961] [TimeLight FRAME] 0a 65 20 [08] > 81 28 30 0c 35 00 02 09 ee 58 6a Remaining time: 02:09
[08.12.2025 20:48:02.063] [TimeLight FRAME] 03 65 20 [00] > 22 89 a3 6a 
[08.12.2025 20:48:27.394] [TimeLight FRAME] 0a 65 20 [08] > 81 28 30 0c 36 00 02 09 75 84 6a Remaining time: 02:09
[08.12.2025 20:49:02.881] [TimeLight FRAME] 0a 65 20 [08] > 80 28 30 0c 35 00 02 08 b9 aa 6a Remaining time: 02:08
[08.12.2025 20:49:02.008] [TimeLight FRAME] 03 65 20 [00] > 22 89 a3 6a 
[08.12.2025 20:49:27.397] [TimeLight FRAME] 0a 65 20 [08] > 80 28 30 0c 36 00 02 08 22 76 6a Remaining time: 02:08
[08.12.2025 20:50:02.802] [TimeLight FRAME] 0a 65 20 [08] > 7f 28 30 0c 35 00 02 07 dc 0a 6a Remaining time: 02:07
[08.12.2025 20:50:02.941] [TimeLight FRAME] 03 65 20 [00] > 23 99 82 6a 
[08.12.2025 20:50:27.398] [TimeLight FRAME] 0a 65 20 [08] > 7f 28 30 0c 36 00 02 07 47 d6 6a Remaining time: 02:07
[08.12.2025 20:51:02.721] [TimeLight FRAME] 0a 65 20 [08] > 7e 28 30 0c 35 00 02 06 8b f8 6a Remaining time: 02:06
[08.12.2025 20:51:02.850] [TimeLight FRAME] 03 65 20 [00] > 23 99 82 6a 
[08.12.2025 20:51:27.400] [TimeLight FRAME] 0a 65 20 [08] > 7e 28 30 0c 36 00 02 06 10 24 6a Remaining time: 02:06
[08.12.2025 20:52:02.643] [TimeLight FRAME] 0a 65 20 [08] > 7d 28 30 0c 35 00 02 05 73 ee 6a Remaining time: 02:05
[08.12.2025 20:52:02.773] [TimeLight FRAME] 03 65 20 [00] > 24 e9 65 6a 
[08.12.2025 20:52:27.402] [TimeLight FRAME] 0a 65 20 [08] > 7d 28 30 0c 36 00 02 05 e8 32 6a Remaining time: 02:05
[08.12.2025 20:53:02.564] [TimeLight FRAME] 0a 65 20 [08] > 7c 28 30 0c 35 00 02 04 24 1c 6a Remaining time: 02:04
[08.12.2025 20:53:02.721] [TimeLight FRAME] 03 65 20 [00] > 24 e9 65 6a 
[08.12.2025 20:53:27.404] [TimeLight FRAME] 0a 65 20 [08] > 7c 28 30 0c 36 00 02 04 bf c0 6a Remaining time: 02:04
[08.12.2025 20:54:02.483] [TimeLight FRAME] 0a 65 20 [08] > 7b 28 30 0c 35 00 02 03 93 e3 6a Remaining time: 02:03
[08.12.2025 20:54:02.634] [TimeLight FRAME] 03 65 20 [00] > 25 f9 44 6a 
[08.12.2025 20:54:27.406] [TimeLight FRAME] 0a 65 20 [08] > 7b 28 30 0c 36 00 02 03 08 3f 6a Remaining time: 02:03
[08.12.2025 20:55:01.405] [TimeLight FRAME] 0a 65 20 [08] > 7a 28 30 0c 35 00 02 02 c4 11 6a Remaining time: 02:02
[08.12.2025 20:55:02.554] [TimeLight FRAME] 03 65 20 [00] > 25 f9 44 6a 
[08.12.2025 20:55:27.388] [TimeLight FRAME] 0a 65 20 [08] > 7a 28 30 0c 36 00 02 02 5f cd 6a Remaining time: 02:02
[08.12.2025 20:56:01.325] [TimeLight FRAME] 0a 65 20 [08] > 79 28 30 0c 35 00 02 01 3c 07 6a Remaining time: 02:01
[08.12.2025 20:56:02.474] [TimeLight FRAME] 03 65 20 [00] > 26 c9 27 6a 
[08.12.2025 20:56:27.391] [TimeLight FRAME] 0a 65 20 [08] > 79 28 30 0c 36 00 02 01 a7 db 6a Remaining time: 02:01
[08.12.2025 20:57:01.246] [TimeLight FRAME] 0a 65 20 [08] > 78 28 30 0c 35 00 02 00 6b f5 6a Remaining time: 02:00
[08.12.2025 20:57:01.413] [TimeLight FRAME] 03 65 20 [00] > 26 c9 27 6a 
[08.12.2025 20:57:27.394] [TimeLight FRAME] 0a 65 20 [08] > 78 28 30 0c 36 00 02 00 f0 29 6a Remaining time: 02:00
[08.12.2025 20:58:01.187] [TimeLight FRAME] 0a 65 20 [08] > 77 28 30 0c 35 00 01 3b 60 5c 6a Remaining time: 01:59
[08.12.2025 20:58:01.367] [TimeLight FRAME] 03 65 20 [00] > 27 d9 06 6a 
[08.12.2025 20:58:27.394] [TimeLight FRAME] 0a 65 20 [08] > 77 28 30 0c 36 00 01 3b fb 80 6a Remaining time: 01:59
[08.12.2025 20:59:01.108] [TimeLight FRAME] 0a 65 20 [08] > 76 28 30 0c 35 00 01 3a 37 ae 6a Remaining time: 01:58
[08.12.2025 20:59:01.274] [TimeLight FRAME] 03 65 20 [00] > 27 d9 06 6a 
[08.12.2025 20:59:27.397] [TimeLight FRAME] 0a 65 20 [08] > 76 28 30 0c 36 00 01 3a ac 72 6a Remaining time: 01:58
[08.12.2025 21:00:01.028] [TimeLight FRAME] 0a 65 20 [08] > 75 28 30 0c 35 00 01 39 cf b8 6a Remaining time: 01:57
[08.12.2025 21:00:01.178] [TimeLight FRAME] 03 65 20 [00] > 28 28 e9 6a 
[08.12.2025 21:00:27.399] [TimeLight FRAME] 0a 65 20 [08] > 75 28 30 0c 36 00 01 39 54 64 6a Remaining time: 01:57
[08.12.2025 21:01:01.949] [TimeLight FRAME] 0a 65 20 [08] > 74 28 30 0c 35 00 01 38 98 4a 6a Remaining time: 01:56
[08.12.2025 21:01:01.092] [TimeLight FRAME] 03 65 20 [00] > 29 38 c8 6a 
[08.12.2025 21:01:27.401] [TimeLight FRAME] 0a 65 20 [08] > 74 28 30 0c 36 00 01 38 03 96 6a Remaining time: 01:56
[08.12.2025 21:02:01.870] [TimeLight FRAME] 0a 65 20 [08] > 73 28 30 0c 35 00 01 37 ae bd 6a Remaining time: 01:55
[08.12.2025 21:02:01.033] [TimeLight FRAME] 03 65 20 [00] > 29 38 c8 6a 
[08.12.2025 21:02:27.403] [TimeLight FRAME] 0a 65 20 [08] > 73 28 30 0c 36 00 01 37 35 61 6a Remaining time: 01:55
[08.12.2025 21:03:01.790] [TimeLight FRAME] 0a 65 20 [08] > 72 28 30 0c 35 00 01 36 f9 4f 6a Remaining time: 01:54
[08.12.2025 21:03:01.964] [TimeLight FRAME] 03 65 20 [00] > 2a 08 ab 6a 
[08.12.2025 21:03:27.405] [TimeLight FRAME] 0a 65 20 [08] > 72 28 30 0c 36 00 01 36 62 93 6a Remaining time: 01:54
[08.12.2025 21:04:01.710] [TimeLight FRAME] 0a 65 20 [08] > 71 28 30 0c 35 00 01 35 01 59 6a Remaining time: 01:53
[08.12.2025 21:04:01.876] [TimeLight FRAME] 03 65 20 [00] > 2a 08 ab 6a 
[08.12.2025 21:04:27.408] [TimeLight FRAME] 0a 65 20 [08] > 71 28 30 0c 36 00 01 35 9a 85 6a Remaining time: 01:53
[08.12.2025 21:05:01.631] [TimeLight FRAME] 0a 65 20 [08] > 70 28 30 0c 35 00 01 34 56 ab 6a Remaining time: 01:52
[08.12.2025 21:05:01.800] [TimeLight FRAME] 03 65 20 [00] > 2b 18 8a 6a 
[08.12.2025 21:05:27.388] [TimeLight FRAME] 0a 65 20 [08] > 70 28 30 0c 36 00 01 34 cd 77 6a Remaining time: 01:52
[08.12.2025 21:06:01.551] [TimeLight FRAME] 0a 65 20 [08] > 6f 28 30 0c 35 00 01 33 c2 3a 6a Remaining time: 01:51
[08.12.2025 21:06:01.742] [TimeLight FRAME] 03 65 20 [00] > 2b 18 8a 6a 
[08.12.2025 21:06:27.390] [TimeLight FRAME] 0a 65 20 [08] > 6f 28 30 0c 36 00 01 33 59 e6 6a Remaining time: 01:51
[08.12.2025 21:07:01.472] [TimeLight FRAME] 0a 65 20 [08] > 6e 28 30 0c 35 00 01 32 95 c8 6a Remaining time: 01:50
[08.12.2025 21:07:01.662] [TimeLight FRAME] 03 65 20 [00] > 2c 68 6d 6a 
[08.12.2025 21:07:27.393] [TimeLight FRAME] 0a 65 20 [08] > 6e 28 30 0c 36 00 01 32 0e 14 6a Remaining time: 01:50
[08.12.2025 21:08:00.392] [TimeLight FRAME] 0a 65 20 [08] > 6d 28 30 0c 35 00 01 31 6d de 6a Remaining time: 01:49
[08.12.2025 21:08:01.589] [TimeLight FRAME] 03 65 20 [00] > 2c 68 6d 6a 
[08.12.2025 21:08:27.394] [TimeLight FRAME] 0a 65 20 [08] > 6d 28 30 0c 36 00 01 31 f6 02 6a Remaining time: 01:49
[08.12.2025 21:09:00.311] [TimeLight FRAME] 0a 65 20 [08] > 6c 28 30 0c 35 00 01 30 3a 2c 6a Remaining time: 01:48
[08.12.2025 21:09:01.492] [TimeLight FRAME] 03 65 20 [00] > 2d 78 4c 6a 
[08.12.2025 21:09:27.396] [TimeLight FRAME] 0a 65 20 [08] > 6c 28 30 0c 36 00 01 30 a1 f0 6a Remaining time: 01:48
[08.12.2025 21:10:00.233] [TimeLight FRAME] 0a 65 20 [08] > 6b 28 30 0c 35 00 01 2f 1e ea 6a Remaining time: 01:47
[08.12.2025 21:10:00.443] [TimeLight FRAME] 03 65 20 [00] > 2d 78 4c 6a 
[08.12.2025 21:10:27.398] [TimeLight FRAME] 0a 65 20 [08] > 6b 28 30 0c 36 00 01 2f 85 36 6a Remaining time: 01:47
[08.12.2025 21:11:00.174] [TimeLight FRAME] 0a 65 20 [08] > 6a 28 30 0c 35 00 01 2e 49 18 6a Remaining time: 01:46
[08.12.2025 21:11:00.303] [TimeLight FRAME] 03 65 20 [00] > 2e 48 2f 6a 
[08.12.2025 21:11:27.400] [TimeLight FRAME] 0a 65 20 [08] > 6a 28 30 0c 36 00 01 2e d2 c4 6a Remaining time: 01:46
[08.12.2025 21:11:51.697] [TimeLight FRAME] 03 65 20 [09] > 00 37 1b 6a 
[08.12.2025 21:12:00.078] [TimeLight FRAME] 0a 65 20 [08] > 69 28 30 0c 35 00 01 2d b1 0e 6a Remaining time: 01:45
[08.12.2025 21:12:00.184] [TimeLight FRAME] 03 65 20 [00] > 2e 48 2f 6a 
[08.12.2025 21:12:27.407] [TimeLight FRAME] 0a 65 20 [08] > 69 28 30 0c 36 00 01 2d 2a d2 6a Remaining time: 01:45
[08.12.2025 21:13:00.999] [TimeLight FRAME] 0a 65 20 [08] > 68 28 30 0c 35 00 01 2c e6 fc 6a Remaining time: 01:44
[08.12.2025 21:13:00.119] [TimeLight FRAME] 03 65 20 [00] > 2f 58 0e 6a 
[08.12.2025 21:13:27.389] [TimeLight FRAME] 0a 65 20 [08] > 68 28 30 0c 36 00 01 2c 7d 20 6a Remaining time: 01:44
[08.12.2025 21:14:00.940] [TimeLight FRAME] 0a 65 20 [08] > 67 28 30 0c 35 00 01 2b 4f d9 6a Remaining time: 01:43
[08.12.2025 21:14:00.056] [TimeLight FRAME] 03 65 20 [00] > 2f 58 0e 6a 
[08.12.2025 21:14:27.392] [TimeLight FRAME] 0a 65 20 [08] > 67 28 30 0c 36 00 01 2b d4 05 6a Remaining time: 01:43
[08.12.2025 21:15:00.861] [TimeLight FRAME] 0a 65 20 [08] > 66 28 30 0c 35 00 01 2a 18 2b 6a Remaining time: 01:42
[08.12.2025 21:15:00.973] [TimeLight FRAME] 03 65 20 [00] > 30 bb d0 6a 
[08.12.2025 21:15:27.394] [TimeLight FRAME] 0a 65 20 [08] > 66 28 30 0c 36 00 01 2a 83 f7 6a Remaining time: 01:42
[08.12.2025 21:16:00.781] [TimeLight FRAME] 0a 65 20 [08] > 65 28 30 0c 35 00 01 29 e0 3d 6a Remaining time: 01:41
[08.12.2025 21:16:00.928] [TimeLight FRAME] 03 65 20 [00] > 30 bb d0 6a 
[08.12.2025 21:16:27.394] [TimeLight FRAME] 0a 65 20 [08] > 65 28 30 0c 36 00 01 29 7b e1 6a Remaining time: 01:41
[08.12.2025 21:17:00.702] [TimeLight FRAME] 0a 65 20 [08] > 64 28 30 0c 35 00 01 28 b7 cf 6a Remaining time: 01:40
[08.12.2025 21:17:00.837] [TimeLight FRAME] 03 65 20 [00] > 31 ab f1 6a 
[08.12.2025 21:17:27.396] [TimeLight FRAME] 0a 65 20 [08] > 64 28 30 0c 36 00 01 28 2c 13 6a Remaining time: 01:40
[08.12.2025 21:18:00.622] [TimeLight FRAME] 0a 65 20 [08] > 63 28 30 0c 35 00 01 27 81 38 6a Remaining time: 01:39
[08.12.2025 21:18:00.757] [TimeLight FRAME] 03 65 20 [00] > 31 ab f1 6a 
[08.12.2025 21:18:27.398] [TimeLight FRAME] 0a 65 20 [08] > 63 28 30 0c 36 00 01 27 1a e4 6a Remaining time: 01:39
[08.12.2025 21:19:00.542] [TimeLight FRAME] 0a 65 20 [08] > 62 28 30 0c 35 00 01 26 d6 ca 6a Remaining time: 01:38
[08.12.2025 21:19:00.692] [TimeLight FRAME] 03 65 20 [00] > 32 9b 92 6a 
[08.12.2025 21:19:27.400] [TimeLight FRAME] 0a 65 20 [08] > 62 28 30 0c 36 00 01 26 4d 16 6a Remaining time: 01:38
[08.12.2025 21:20:00.463] [TimeLight FRAME] 0a 65 20 [08] > 61 28 30 0c 35 00 01 25 2e dc 6a Remaining time: 01:37
[08.12.2025 21:20:00.611] [TimeLight FRAME] 03 65 20 [00] > 32 9b 92 6a 
[08.12.2025 21:20:27.402] [TimeLight FRAME] 0a 65 20 [08] > 61 28 30 0c 36 00 01 25 b5 00 6a Remaining time: 01:37
[08.12.2025 21:20:59.383] [TimeLight FRAME] 0a 65 20 [08] > 60 28 30 0c 35 00 01 24 79 2e 6a Remaining time: 01:36
[08.12.2025 21:21:00.514] [TimeLight FRAME] 03 65 20 [00] > 33 8b b3 6a 
[08.12.2025 21:21:27.404] [TimeLight FRAME] 0a 65 20 [08] > 60 28 30 0c 36 00 01 24 e2 f2 6a Remaining time: 01:36
[08.12.2025 21:21:59.304] [TimeLight FRAME] 0a 65 20 [08] > 5f 28 30 0c 35 00 01 23 96 d7 6a Remaining time: 01:35
[08.12.2025 21:22:00.441] [TimeLight FRAME] 03 65 20 [00] > 33 8b b3 6a 
[08.12.2025 21:22:27.407] [TimeLight FRAME] 0a 65 20 [08] > 5f 28 30 0c 36 00 01 23 0d 0b 6a Remaining time: 01:35
[08.12.2025 21:22:59.224] [TimeLight FRAME] 0a 65 20 [08] > 5e 28 30 0c 35 00 01 22 c1 25 6a Remaining time: 01:34
[08.12.2025 21:22:59.369] [TimeLight FRAME] 03 65 20 [00] > 34 fb 54 6a 
[08.12.2025 21:23:27.408] [TimeLight FRAME] 0a 65 20 [08] > 5e 28 30 0c 36 00 01 22 5a f9 6a Remaining time: 01:34
[08.12.2025 21:23:59.144] [TimeLight FRAME] 0a 65 20 [08] > 5d 28 30 0c 35 00 01 21 39 33 6a Remaining time: 01:33
[08.12.2025 21:23:59.265] [TimeLight FRAME] 03 65 20 [00] > 34 fb 54 6a 
[08.12.2025 21:24:27.389] [TimeLight FRAME] 0a 65 20 [08] > 5d 28 30 0c 36 00 01 21 a2 ef 6a Remaining time: 01:33
[08.12.2025 21:24:59.065] [TimeLight FRAME] 0a 65 20 [08] > 5c 28 30 0c 35 00 01 20 6e c1 6a Remaining time: 01:32
[08.12.2025 21:24:59.205] [TimeLight FRAME] 03 65 20 [00] > 35 eb 75 6a 
[08.12.2025 21:25:27.392] [TimeLight FRAME] 0a 65 20 [08] > 5c 28 30 0c 36 00 01 20 f5 1d 6a Remaining time: 01:32
[08.12.2025 21:25:59.985] [TimeLight FRAME] 0a 65 20 [08] > 5b 28 30 0c 35 00 01 1f 6e 65 6a Remaining time: 01:31
[08.12.2025 21:25:59.152] [TimeLight FRAME] 03 65 20 [00] > 35 eb 75 6a 
[08.12.2025 21:26:27.393] [TimeLight FRAME] 0a 65 20 [08] > 5b 28 30 0c 36 00 01 1f f5 b9 6a Remaining time: 01:31
[08.12.2025 21:26:59.925] [TimeLight FRAME] 0a 65 20 [08] > 5a 28 30 0c 35 00 01 1e 39 97 6a Remaining time: 01:30
[08.12.2025 21:26:59.101] [TimeLight FRAME] 03 65 20 [00] > 36 db 16 6a 
[08.12.2025 21:27:27.395] [TimeLight FRAME] 0a 65 20 [08] > 5a 28 30 0c 36 00 01 1e a2 4b 6a Remaining time: 01:30
[08.12.2025 21:27:59.846] [TimeLight FRAME] 0a 65 20 [08] > 59 28 30 0c 35 00 01 1d c1 81 6a Remaining time: 01:29
[08.12.2025 21:27:59.021] [TimeLight FRAME] 03 65 20 [00] > 36 db 16 6a 
[08.12.2025 21:28:27.397] [TimeLight FRAME] 0a 65 20 [08] > 59 28 30 0c 36 00 01 1d 5a 5d 6a Remaining time: 01:29
[08.12.2025 21:28:59.767] [TimeLight FRAME] 0a 65 20 [08] > 58 28 30 0c 35 00 01 1c 96 73 6a Remaining time: 01:28
[08.12.2025 21:28:59.936] [TimeLight FRAME] 03 65 20 [00] > 37 cb 37 6a 
[08.12.2025 21:29:27.398] [TimeLight FRAME] 0a 65 20 [08] > 58 28 30 0c 36 00 01 1c 0d af 6a Remaining time: 01:28
[08.12.2025 21:29:59.686] [TimeLight FRAME] 0a 65 20 [08] > 57 28 30 0c 35 00 01 1b 3f 56 6a Remaining time: 01:27
[08.12.2025 21:29:59.846] [TimeLight FRAME] 03 65 20 [00] > 37 cb 37 6a 
[08.12.2025 21:30:27.400] [TimeLight FRAME] 0a 65 20 [08] > 57 28 30 0c 36 00 01 1b a4 8a 6a Remaining time: 01:27
[08.12.2025 21:30:59.607] [TimeLight FRAME] 0a 65 20 [08] > 56 28 30 0c 35 00 01 1a 68 a4 6a Remaining time: 01:26
[08.12.2025 21:30:59.770] [TimeLight FRAME] 03 65 20 [00] > 38 3a d8 6a 
[08.12.2025 21:31:27.402] [TimeLight FRAME] 0a 65 20 [08] > 56 28 30 0c 36 00 01 1a f3 78 6a Remaining time: 01:26
[08.12.2025 21:31:59.528] [TimeLight FRAME] 0a 65 20 [08] > 55 28 30 0c 35 00 01 19 90 b2 6a Remaining time: 01:25
[08.12.2025 21:31:59.721] [TimeLight FRAME] 03 65 20 [00] > 38 3a d8 6a 
[08.12.2025 21:32:27.405] [TimeLight FRAME] 0a 65 20 [08] > 55 28 30 0c 36 00 01 19 0b 6e 6a Remaining time: 01:25
[08.12.2025 21:32:59.448] [TimeLight FRAME] 0a 65 20 [08] > 54 28 30 0c 35 00 01 18 c7 40 6a Remaining time: 01:24
[08.12.2025 21:32:59.641] [TimeLight FRAME] 03 65 20 [00] > 39 2a f9 6a 
[08.12.2025 21:33:27.407] [TimeLight FRAME] 0a 65 20 [08] > 54 28 30 0c 36 00 01 18 5c 9c 6a Remaining time: 01:24
[08.12.2025 21:33:58.368] [TimeLight FRAME] 0a 65 20 [08] > 53 28 30 0c 35 00 01 17 f1 b7 6a Remaining time: 01:23
[08.12.2025 21:33:59.552] [TimeLight FRAME] 03 65 20 [00] > 39 2a f9 6a 
[08.12.2025 21:34:27.407] [TimeLight FRAME] 0a 65 20 [08] > 53 28 30 0c 36 00 01 17 6a 6b 6a Remaining time: 01:23
[08.12.2025 21:34:58.289] [TimeLight FRAME] 0a 65 20 [08] > 52 28 30 0c 35 00 01 16 a6 45 6a Remaining time: 01:22
[08.12.2025 21:34:59.506] [TimeLight FRAME] 03 65 20 [00] > 3a 1a 9a 6a 
[08.12.2025 21:35:27.389] [TimeLight FRAME] 0a 65 20 [08] > 52 28 30 0c 36 00 01 16 3d 99 6a Remaining time: 01:22
[08.12.2025 21:35:58.209] [TimeLight FRAME] 0a 65 20 [08] > 51 28 30 0c 35 00 01 15 5e 53 6a Remaining time: 01:21
[08.12.2025 21:35:58.424] [TimeLight FRAME] 03 65 20 [00] > 3a 1a 9a 6a 
[08.12.2025 21:36:27.391] [TimeLight FRAME] 0a 65 20 [08] > 51 28 30 0c 36 00 01 15 c5 8f 6a Remaining time: 01:21
[08.12.2025 21:36:58.129] [TimeLight FRAME] 0a 65 20 [08] > 50 28 30 0c 35 00 01 14 09 a1 6a Remaining time: 01:20
[08.12.2025 21:36:58.337] [TimeLight FRAME] 03 65 20 [00] > 3b 0a bb 6a 
[08.12.2025 21:37:09.718] [TimeLight FRAME] 03 65 20 [09] > 00 37 1b 6a 
[08.12.2025 21:37:27.396] [TimeLight FRAME] 0a 65 20 [08] > 50 28 30 0c 36 00 01 14 92 7d 6a Remaining time: 01:20
[08.12.2025 21:37:58.051] [TimeLight FRAME] 0a 65 20 [08] > 4f 28 30 0c 35 00 01 13 9d 30 6a Remaining time: 01:19
[08.12.2025 21:37:58.360] [TimeLight FRAME] 03 65 20 [00] > 3b 0a bb 6a 
[08.12.2025 21:38:18.419] [TimeLight FRAME] 03 65 20 [09] > 00 37 1b 6a 
[08.12.2025 21:38:27.398] [TimeLight FRAME] 0a 65 20 [08] > 4f 28 30 0c 36 00 01 13 06 ec 6a Remaining time: 01:19
[08.12.2025 21:38:58.971] [TimeLight FRAME] 0a 65 20 [08] > 4e 28 30 0c 35 00 01 12 ca c2 6a Remaining time: 01:18
[08.12.2025 21:38:58.094] [TimeLight FRAME] 03 65 20 [00] > 3c 7a 5c 6a 
[08.12.2025 21:39:27.399] [TimeLight FRAME] 0a 65 20 [08] > 4e 28 30 0c 36 00 01 12 51 1e 6a Remaining time: 01:18
[08.12.2025 21:39:58.912] [TimeLight FRAME] 0a 65 20 [08] > 4d 28 30 0c 35 00 01 11 32 d4 6a Remaining time: 01:17
[08.12.2025 21:39:58.038] [TimeLight FRAME] 03 65 20 [00] > 3d 6a 7d 6a 
[08.12.2025 21:40:27.402] [TimeLight FRAME] 0a 65 20 [08] > 4d 28 30 0c 36 00 01 11 a9 08 6a Remaining time: 01:17
[08.12.2025 21:40:58.832] [TimeLight FRAME] 0a 65 20 [08] > 4c 28 30 0c 35 00 01 10 65 26 6a Remaining time: 01:16
[08.12.2025 21:40:58.102] [TimeLight FRAME] 03 65 20 [00] > 3d 6a 7d 6a 
[08.12.2025 21:41:27.403] [TimeLight FRAME] 0a 65 20 [08] > 4c 28 30 0c 36 00 01 10 fe fa 6a Remaining time: 01:16
[08.12.2025 21:41:58.752] [TimeLight FRAME] 0a 65 20 [08] > 4b 28 30 0c 35 00 01 0f 41 e0 6a Remaining time: 01:15
[08.12.2025 21:41:58.842] [TimeLight FRAME] 03 65 20 [00] > 3e 5a 1e 6a 
[08.12.2025 21:42:27.406] [TimeLight FRAME] 0a 65 20 [08] > 4b 28 30 0c 36 00 01 0f da 3c 6a Remaining time: 01:15
[08.12.2025 21:42:58.673] [TimeLight FRAME] 0a 65 20 [08] > 4a 28 30 0c 35 00 01 0e 16 12 6a Remaining time: 01:14
[08.12.2025 21:42:58.779] [TimeLight FRAME] 03 65 20 [00] > 3e 5a 1e 6a 
[08.12.2025 21:43:27.408] [TimeLight FRAME] 0a 65 20 [08] > 4a 28 30 0c 36 00 01 0e 8d ce 6a Remaining time: 01:14
[08.12.2025 21:43:58.593] [TimeLight FRAME] 0a 65 20 [08] > 49 28 30 0c 35 00 01 0d ee 04 6a Remaining time: 01:13
[08.12.2025 21:43:58.715] [TimeLight FRAME] 03 65 20 [00] > 3f 4a 3f 6a 
[08.12.2025 21:44:27.388] [TimeLight FRAME] 0a 65 20 [08] > 49 28 30 0c 36 00 01 0d 75 d8 6a Remaining time: 01:13
[08.12.2025 21:44:58.512] [TimeLight FRAME] 0a 65 20 [08] > 48 28 30 0c 35 00 01 0c b9 f6 6a Remaining time: 01:12
[08.12.2025 21:44:58.637] [TimeLight FRAME] 03 65 20 [00] > 3f 4a 3f 6a 
[08.12.2025 21:45:08.082] [TimeLight FRAME] 03 65 20 [09] > 00 37 1b 6a 
[08.12.2025 21:45:19.882] [TimeLight FRAME] 03 65 20 [09] > 00 37 1b 6a 
[08.12.2025 21:45:27.393] [TimeLight FRAME] 0a 65 20 [08] > 48 28 30 0c 36 00 01 0c 22 2a 6a Remaining time: 01:12
[08.12.2025 21:45:57.437] [TimeLight FRAME] 0a 65 20 [08] > 47 28 30 0c 35 00 01 0b 10 d3 6a Remaining time: 01:11
[08.12.2025 21:45:58.573] [TimeLight FRAME] 03 65 20 [00] > 40 c5 47 6a 
[08.12.2025 21:46:18.008] [TimeLight FRAME] 03 65 20 [09] > 00 37 1b 6a 
[08.12.2025 21:46:27.397] [TimeLight FRAME] 0a 65 20 [08] > 47 28 30 0c 36 00 01 0b 8b 0f 6a Remaining time: 01:11
[08.12.2025 21:46:33.987] [TimeLight FRAME] 03 65 20 [09] > 00 37 1b 6a 
[08.12.2025 21:46:51.081] [TimeLight FRAME] 03 65 20 [09] > 00 37 1b 6a 
[08.12.2025 21:46:51.204] [TimeLight FRAME] 03 65 20 [09] > 00 37 1b 6a 
[08.12.2025 21:46:57.344] [TimeLight FRAME] 0a 65 20 [08] > 46 28 30 0c 35 00 01 0a 47 21 6a Remaining time: 01:10
[08.12.2025 21:46:58.479] [TimeLight FRAME] 03 65 20 [00] > 40 c5 47 6a 
[08.12.2025 21:47:01.947] [TimeLight FRAME] 03 65 20 [09] > 00 37 1b 6a 
[08.12.2025 21:47:11.930] [TimeLight FRAME] 03 65 20 [09] > 00 37 1b 6a 
[08.12.2025 21:47:16.924] [TimeLight FRAME] 03 65 20 [09] > 00 37 1b 6a 
[08.12.2025 21:47:23.912] [TimeLight FRAME] 03 65 20 [09] > 00 37 1b 6a 
[08.12.2025 21:47:27.389] [TimeLight FRAME] 0a 65 20 [08] > 46 28 30 0c 36 00 01 0a dc fd 6a Remaining time: 01:10
[08.12.2025 21:47:28.906] [TimeLight FRAME] 03 65 20 [09] > 00 37 1b 6a 
[08.12.2025 21:47:35.895] [TimeLight FRAME] 03 65 20 [09] > 00 37 1b 6a 
[08.12.2025 21:47:35.041] [TimeLight FRAME] 03 65 20 [05] > 12 40 05 6a 
[08.12.2025 21:47:39.434] [TimeLight FRAME] 0a 65 20 [08] > 3d 28 30 0c 2d 00 01 01 0e 8d 6a Remaining time: 01:01
[08.12.2025 21:47:40.605] [TimeLight FRAME] 03 65 20 [00] > 45 95 e2 6a 
[08.12.2025 21:47:40.747] [TimeLight FRAME] 03 65 20 [05] > 22 76 56 6a 
[08.12.2025 21:48:20.842] [TimeLight FRAME] 03 65 20 [09] > 00 37 1b 6a 
[08.12.2025 21:48:20.014] [TimeLight FRAME] 03 65 20 [09] > 00 37 1b 6a 
[08.12.2025 21:48:25.835] [TimeLight FRAME] 03 65 20 [09] > 00 37 1b 6a 
[08.12.2025 21:48:27.396] [TimeLight FRAME] 0a 65 20 [08] > 3d 28 30 0c 2e 00 01 01 95 51 6a Remaining time: 01:01
[08.12.2025 21:48:28.587] [TimeLight FRAME] 03 65 20 [09] > 00 37 1b 6a 
[08.12.2025 21:48:39.228] [TimeLight FRAME] 0a 65 20 [08] > 3c 28 30 0c 2d 00 01 00 59 7f 6a Remaining time: 01:00
[08.12.2025 21:48:39.412] [TimeLight FRAME] 03 65 20 [00] > 45 95 e2 6a 
[08.12.2025 21:48:42.810] [TimeLight FRAME] 03 65 20 [09] > 00 37 1b 6a 
[08.12.2025 21:48:53.650] [TimeLight FRAME] 03 65 20 [09] > 00 37 1b 6a 
[08.12.2025 21:49:02.782] [TimeLight FRAME] 03 65 20 [09] > 00 37 1b 6a 
[08.12.2025 21:49:02.947] [TimeLight FRAME] 03 65 20 [09] > 00 37 1b 6a 
[08.12.2025 21:49:27.395] [TimeLight FRAME] 0a 65 20 [08] > 3c 28 30 0c 2e 00 01 00 c2 a3 6a Remaining time: 01:00
[08.12.2025 21:49:39.143] [TimeLight FRAME] 0a 65 20 [08] > 3b 28 30 0c 2d 00 00 3b 2a 6e 6a Remaining time: 00:59
[08.12.2025 21:49:39.315] [TimeLight FRAME] 03 65 20 [00] > 46 a5 81 6a 
[08.12.2025 21:50:11.388] [TimeLight FRAME] 03 65 20 [09] > 00 37 1b 6a 
[08.12.2025 21:50:27.396] [TimeLight FRAME] 0a 65 20 [08] > 3b 28 30 0c 2e 00 00 3b b1 b2 6a Remaining time: 00:59
[08.12.2025 21:50:39.062] [TimeLight FRAME] 0a 65 20 [08] > 3a 28 30 0c 2d 00 00 3a 7d 9c 6a Remaining time: 00:58
[08.12.2025 21:50:39.263] [TimeLight FRAME] 03 65 20 [00] > 46 a5 81 6a 
[08.12.2025 21:51:27.399] [TimeLight FRAME] 0a 65 20 [08] > 3a 28 30 0c 2e 00 00 3a e6 40 6a Remaining time: 00:58
[08.12.2025 21:51:39.983] [TimeLight FRAME] 0a 65 20 [08] > 39 28 30 0c 2d 00 00 39 85 8a 6a Remaining time: 00:57
[08.12.2025 21:51:39.157] [TimeLight FRAME] 03 65 20 [00] > 47 b5 a0 6a 
[08.12.2025 21:52:27.400] [TimeLight FRAME] 0a 65 20 [08] > 39 28 30 0c 2e 00 00 39 1e 56 6a Remaining time: 00:57
[08.12.2025 21:52:39.904] [TimeLight FRAME] 0a 65 20 [08] > 38 28 30 0c 2d 00 00 38 d2 78 6a Remaining time: 00:56
[08.12.2025 21:52:39.088] [TimeLight FRAME] 03 65 20 [00] > 47 b5 a0 6a 
[08.12.2025 21:53:27.402] [TimeLight FRAME] 0a 65 20 [08] > 38 28 30 0c 2e 00 00 38 49 a4 6a Remaining time: 00:56
[08.12.2025 21:53:39.824] [TimeLight FRAME] 0a 65 20 [08] > 37 28 30 0c 2d 00 00 37 fa 55 6a Remaining time: 00:55
[08.12.2025 21:53:39.021] [TimeLight FRAME] 03 65 20 [00] > 48 44 4f 6a 
[08.12.2025 21:54:27.405] [TimeLight FRAME] 0a 65 20 [08] > 37 28 30 0c 2e 00 00 37 61 89 6a Remaining time: 00:55
[08.12.2025 21:54:39.744] [TimeLight FRAME] 0a 65 20 [08] > 36 28 30 0c 2d 00 00 36 ad a7 6a Remaining time: 00:54
[08.12.2025 21:54:39.929] [TimeLight FRAME] 03 65 20 [00] > 48 44 4f 6a 
[08.12.2025 21:54:47.336] [TimeLight FRAME] 03 65 20 [09] > 00 37 1b 6a 
[08.12.2025 21:54:58.076] [TimeLight FRAME] 03 65 20 [09] > 00 37 1b 6a 
[08.12.2025 21:55:27.388] [TimeLight FRAME] 0a 65 20 [08] > 36 28 30 0c 2e 00 00 36 36 7b 6a Remaining time: 00:54
[08.12.2025 21:55:39.666] [TimeLight FRAME] 0a 65 20 [08] > 35 28 30 0c 2d 00 00 35 55 b1 6a Remaining time: 00:53
[08.12.2025 21:55:39.838] [TimeLight FRAME] 03 65 20 [00] > 49 54 6e 6a 
[08.12.2025 21:55:57.243] [TimeLight FRAME] 03 65 20 [09] > 00 37 1b 6a 
[08.12.2025 21:56:12.221] [TimeLight FRAME] 03 65 20 [09] > 00 37 1b 6a 
[08.12.2025 21:56:27.394] [TimeLight FRAME] 0a 65 20 [08] > 35 28 30 0c 2e 00 00 35 ce 6d 6a Remaining time: 00:53
[08.12.2025 21:56:29.419] [TimeLight FRAME] 03 65 20 [09] > 00 37 1b 6a 
[08.12.2025 21:56:30.612] [TimeLight FRAME] 03 65 20 [09] > 00 37 1b 6a 
[08.12.2025 21:56:39.595] [TimeLight FRAME] 0a 65 20 [08] > 34 28 30 0c 2d 00 00 34 02 43 6a Remaining time: 00:52
[08.12.2025 21:56:39.777] [TimeLight FRAME] 03 65 20 [00] > 49 54 6e 6a 
[08.12.2025 21:56:39.182] [TimeLight FRAME] 03 65 20 [09] > 00 37 1b 6a 
[08.12.2025 21:56:49.186] [TimeLight FRAME] 03 65 20 [09] > 00 37 1b 6a 
[08.12.2025 21:56:54.179] [TimeLight FRAME] 03 65 20 [09] > 00 37 1b 6a 
[08.12.2025 21:57:01.168] [TimeLight FRAME] 03 65 20 [09] > 00 37 1b 6a 
[08.12.2025 21:57:06.162] [TimeLight FRAME] 03 65 20 [09] > 00 37 1b 6a 
[08.12.2025 21:57:13.150] [TimeLight FRAME] 03 65 20 [09] > 00 37 1b 6a 
[08.12.2025 21:57:14.376] [TimeLight FRAME] 03 65 20 [05] > 24 16 90 6a 
[08.12.2025 21:57:27.409] [TimeLight FRAME] 0a 65 20 [08] > 34 28 30 0c 2e 00 00 34 99 9f 6a Remaining time: 00:52
[08.12.2025 21:57:39.524] [TimeLight FRAME] 0a 65 20 [08] > 33 28 30 0c 2d 00 00 33 b5 bc 6a Remaining time: 00:51
[08.12.2025 21:57:39.614] [TimeLight FRAME] 03 65 20 [00] > 4a 64 0d 6a 
[08.12.2025 21:57:54.084] [TimeLight FRAME] 03 65 20 [09] > 00 37 1b 6a 
[08.12.2025 21:57:54.188] [TimeLight FRAME] 03 65 20 [09] > 00 37 1b 6a 
[08.12.2025 21:57:59.077] [TimeLight FRAME] 03 65 20 [09] > 00 37 1b 6a 
[08.12.2025 21:58:02.829] [TimeLight FRAME] 03 65 20 [09] > 00 37 1b 6a 
[08.12.2025 21:58:16.072] [TimeLight FRAME] 03 65 20 [09] > 00 37 1b 6a 
[08.12.2025 21:58:27.014] [TimeLight FRAME] 03 65 20 [09] > 00 37 1b 6a 
[08.12.2025 21:58:27.399] [TimeLight FRAME] 0a 65 20 [08] > 33 28 30 0c 2e 00 00 33 2e 60 6a Remaining time: 00:51
[08.12.2025 21:58:37.044] [TimeLight FRAME] 03 65 20 [09] > 00 37 1b 6a 
[08.12.2025 21:58:37.143] [TimeLight FRAME] 03 65 20 [09] > 00 37 1b 6a 
[08.12.2025 21:58:38.771] [TimeLight FRAME] 03 65 20 [05] > 14 20 c3 6a 
[08.12.2025 21:58:39.938] [TimeLight FRAME] 0a 65 20 [08] > 33 28 30 0c 2e 00 00 33 2e 60 6a Remaining time: 00:51
[08.12.2025 21:58:39.049] [TimeLight FRAME] 03 65 20 [05] > 24 16 90 6a 
[08.12.2025 21:58:43.130] [TimeLight FRAME] 03 65 20 [09] > 00 37 1b 6a 
[08.12.2025 21:58:48.022] [TimeLight FRAME] 03 65 20 [09] > 00 37 1b 6a 
[08.12.2025 21:59:27.401] [TimeLight FRAME] 0a 65 20 [08] > 33 28 30 0c 2f 00 00 33 58 d4 6a Remaining time: 00:51
[08.12.2025 21:59:38.354] [TimeLight FRAME] 0a 65 20 [08] > 32 28 30 0c 2e 00 00 32 79 92 6a Remaining time: 00:50
[08.12.2025 21:59:39.469] [TimeLight FRAME] 03 65 20 [00] > 4a 64 0d 6a 
[08.12.2025 21:59:48.945] [TimeLight FRAME] 03 65 20 [09] > 00 37 1b 6a 
[08.12.2025 22:00:08.913] [TimeLight FRAME] 03 65 20 [09] > 00 37 1b 6a 
[08.12.2025 22:00:27.405] [TimeLight FRAME] 0a 65 20 [08] > 32 28 30 0c 2f 00 00 32 0f 26 6a Remaining time: 00:50
[08.12.2025 22:00:38.276] [TimeLight FRAME] 0a 65 20 [08] > 31 28 30 0c 2e 00 00 31 81 84 6a Remaining time: 00:49
[08.12.2025 22:00:39.424] [TimeLight FRAME] 03 65 20 [00] > 4b 74 2c 6a 
[08.12.2025 22:01:08.834] [TimeLight FRAME] 03 65 20 [09] > 00 37 1b 6a 
[08.12.2025 22:01:27.407] [TimeLight FRAME] 0a 65 20 [08] > 31 28 30 0c 2f 00 00 31 f7 30 6a Remaining time: 00:49
[08.12.2025 22:01:38.198] [TimeLight FRAME] 0a 65 20 [08] > 30 28 30 0c 2e 00 00 30 d6 76 6a Remaining time: 00:48
[08.12.2025 22:01:38.337] [TimeLight FRAME] 03 65 20 [00] > 4b 74 2c 6a 
[08.12.2025 22:02:27.388] [TimeLight FRAME] 0a 65 20 [08] > 30 28 30 0c 2f 00 00 30 a0 c2 6a Remaining time: 00:48
[08.12.2025 22:02:38.138] [TimeLight FRAME] 0a 65 20 [08] > 2f 28 30 0c 2e 00 00 2f d1 de 6a Remaining time: 00:47
[08.12.2025 22:02:38.284] [TimeLight FRAME] 03 65 20 [00] > 4c 04 cb 6a 
[08.12.2025 22:03:08.674] [TimeLight FRAME] 03 65 20 [09] > 00 37 1b 6a 
[08.12.2025 22:03:27.402] [TimeLight FRAME] 0a 65 20 [08] > 2f 28 30 0c 2f 00 00 2f a7 6a 6a Remaining time: 00:47
[08.12.2025 22:03:38.049] [TimeLight FRAME] 0a 65 20 [08] > 2e 28 30 0c 2e 00 00 2e 86 2c 6a Remaining time: 00:46
[08.12.2025 22:03:38.196] [TimeLight FRAME] 03 65 20 [00] > 4c 04 cb 6a 
[08.12.2025 22:04:27.404] [TimeLight FRAME] 0a 65 20 [08] > 2e 28 30 0c 2f 00 00 2e f0 98 6a Remaining time: 00:46
[08.12.2025 22:04:38.970] [TimeLight FRAME] 0a 65 20 [08] > 2d 28 30 0c 2e 00 00 2d 7e 3a 6a Remaining time: 00:45
[08.12.2025 22:04:38.111] [TimeLight FRAME] 03 65 20 [00] > 4d 14 ea 6a 
[08.12.2025 22:05:27.405] [TimeLight FRAME] 0a 65 20 [08] > 2d 28 30 0c 2f 00 00 2d 08 8e 6a Remaining time: 00:45
[08.12.2025 22:05:38.889] [TimeLight FRAME] 0a 65 20 [08] > 2c 28 30 0c 2e 00 00 2c 29 c8 6a Remaining time: 00:44
[08.12.2025 22:05:38.053] [TimeLight FRAME] 03 65 20 [00] > 4d 14 ea 6a 
[08.12.2025 22:06:27.407] [TimeLight FRAME] 0a 65 20 [08] > 2c 28 30 0c 2f 00 00 2c 5f 7c 6a Remaining time: 00:44
[08.12.2025 22:06:38.810] [TimeLight FRAME] 0a 65 20 [08] > 2b 28 30 0c 2e 00 00 2b 9e 37 6a Remaining time: 00:43
[08.12.2025 22:06:38.948] [TimeLight FRAME] 03 65 20 [00] > 4e 24 89 6a 
[08.12.2025 22:07:27.388] [TimeLight FRAME] 0a 65 20 [08] > 2b 28 30 0c 2f 00 00 2b e8 83 6a Remaining time: 00:43
[08.12.2025 22:07:38.731] [TimeLight FRAME] 0a 65 20 [08] > 2a 28 30 0c 2e 00 00 2a c9 c5 6a Remaining time: 00:42
[08.12.2025 22:07:38.878] [TimeLight FRAME] 03 65 20 [00] > 4e 24 89 6a 
[08.12.2025 22:08:06.289] [TimeLight FRAME] 03 65 20 [09] > 00 37 1b 6a 
[08.12.2025 22:08:11.447] [TimeLight FRAME] 03 65 20 [09] > 00 37 1b 6a 
[08.12.2025 22:08:27.392] [TimeLight FRAME] 0a 65 20 [08] > 2a 28 30 0c 2f 00 00 2a bf 71 6a Remaining time: 00:42
[08.12.2025 22:08:38.652] [TimeLight FRAME] 0a 65 20 [08] > 29 28 30 0c 2e 00 00 29 31 d3 6a Remaining time: 00:41
[08.12.2025 22:08:38.799] [TimeLight FRAME] 03 65 20 [00] > 4f 34 a8 6a 
[08.12.2025 22:09:10.205] [TimeLight FRAME] 03 65 20 [09] > 00 37 1b 6a 
[08.12.2025 22:09:20.190] [TimeLight FRAME] 03 65 20 [09] > 00 37 1b 6a 
[08.12.2025 22:09:20.359] [TimeLight FRAME] 03 65 20 [05] > 28 d7 1c 6a 
[08.12.2025 22:09:27.398] [TimeLight FRAME] 0a 65 20 [08] > 29 28 30 0c 2f 00 00 29 47 67 6a Remaining time: 00:41
[08.12.2025 22:09:35.188] [TimeLight FRAME] 03 65 20 [09] > 00 37 1b 6a 
[08.12.2025 22:09:38.577] [TimeLight FRAME] 0a 65 20 [08] > 28 28 30 0c 2e 00 00 28 66 21 6a Remaining time: 00:40
[08.12.2025 22:09:38.740] [TimeLight FRAME] 03 65 20 [00] > 4f 34 a8 6a 
[08.12.2025 22:10:05.137] [TimeLight FRAME] 03 65 20 [09] > 00 37 1b 6a 
[08.12.2025 22:10:27.399] [TimeLight FRAME] 0a 65 20 [08] > 28 28 30 0c 2f 00 00 28 10 95 6a Remaining time: 00:40
[08.12.2025 22:10:30.463] [TimeLight FRAME] 03 65 20 [09] > 00 37 1b 6a 
[08.12.2025 22:10:30.645] [TimeLight FRAME] 03 65 20 [09] > 00 37 1b 6a 
[08.12.2025 22:10:38.501] [TimeLight FRAME] 0a 65 20 [08] > 27 28 30 0c 2e 00 00 27 4e 0c 6a Remaining time: 00:39
[08.12.2025 22:10:38.662] [TimeLight FRAME] 03 65 20 [00] > 50 d7 76 6a 
[08.12.2025 22:10:39.084] [TimeLight FRAME] 03 65 20 [09] > 00 37 1b 6a 
[08.12.2025 22:10:49.073] [TimeLight FRAME] 03 65 20 [09] > 00 37 1b 6a 
[08.12.2025 22:10:59.078] [TimeLight FRAME] 03 65 20 [09] > 00 37 1b 6a 
[08.12.2025 22:11:00.467] [TimeLight FRAME] 03 65 20 [05] > 18 e1 4f 6a 
[08.12.2025 22:11:00.695] [TimeLight FRAME] 0a 65 20 [08] > 27 28 30 0c 2e 00 00 27 4e 0c 6a Remaining time: 00:39
[08.12.2025 22:11:00.871] [TimeLight FRAME] 03 65 20 [05] > 28 d7 1c 6a 
[08.12.2025 22:11:27.390] [TimeLight FRAME] 0a 65 20 [08] > 27 28 30 0c 2f 00 00 27 38 b8 6a Remaining time: 00:39
[08.12.2025 22:11:59.390] [TimeLight FRAME] 0a 65 20 [08] > 26 28 30 0c 2e 00 00 26 19 fe 6a Remaining time: 00:38
[08.12.2025 22:12:00.569] [TimeLight FRAME] 03 65 20 [00] > 51 c7 57 6a 
[08.12.2025 22:12:27.392] [TimeLight FRAME] 0a 65 20 [08] > 26 28 30 0c 2f 00 00 26 6f 4a 6a Remaining time: 00:38
[08.12.2025 22:12:59.310] [TimeLight FRAME] 0a 65 20 [08] > 25 28 30 0c 2e 00 00 25 e1 e8 6a Remaining time: 00:37
[08.12.2025 22:13:00.489] [TimeLight FRAME] 03 65 20 [00] > 51 c7 57 6a 
[08.12.2025 22:13:27.392] [TimeLight FRAME] 0a 65 20 [08] > 25 28 30 0c 2f 00 00 25 97 5c 6a Remaining time: 00:37
[08.12.2025 22:13:59.249] [TimeLight FRAME] 0a 65 20 [08] > 24 28 30 0c 2e 00 00 24 b6 1a 6a Remaining time: 00:36
[08.12.2025 22:14:00.456] [TimeLight FRAME] 03 65 20 [00] > 52 f7 34 6a 
[08.12.2025 22:14:27.391] [TimeLight FRAME] 0a 65 20 [08] > 24 28 30 0c 2f 00 00 24 c0 ae 6a Remaining time: 00:36
[08.12.2025 22:14:59.167] [TimeLight FRAME] 0a 65 20 [08] > 23 28 30 0c 2e 00 00 23 01 e5 6a Remaining time: 00:35
[08.12.2025 22:14:59.366] [TimeLight FRAME] 03 65 20 [00] > 52 f7 34 6a 
[08.12.2025 22:15:27.394] [TimeLight FRAME] 0a 65 20 [08] > 23 28 30 0c 2f 00 00 23 77 51 6a Remaining time: 00:35
[08.12.2025 22:15:59.087] [TimeLight FRAME] 0a 65 20 [08] > 22 28 30 0c 2e 00 00 22 56 17 6a Remaining time: 00:34
[08.12.2025 22:15:59.289] [TimeLight FRAME] 03 65 20 [00] > 53 e7 15 6a 
[08.12.2025 22:16:27.393] [TimeLight FRAME] 0a 65 20 [08] > 22 28 30 0c 2f 00 00 22 20 a3 6a Remaining time: 00:34
[08.12.2025 22:16:56.598] [TimeLight FRAME] 03 65 20 [09] > 00 37 1b 6a 
[08.12.2025 22:16:59.010] [TimeLight FRAME] 0a 65 20 [08] > 21 28 30 0c 2e 00 00 21 ae 01 6a Remaining time: 00:33
[08.12.2025 22:16:59.223] [TimeLight FRAME] 03 65 20 [00] > 53 e7 15 6a 
[08.12.2025 22:17:27.397] [TimeLight FRAME] 0a 65 20 [08] > 21 28 30 0c 2f 00 00 21 d8 b5 6a Remaining time: 00:33
[08.12.2025 22:17:59.930] [TimeLight FRAME] 0a 65 20 [08] > 20 28 30 0c 2e 00 00 20 f9 f3 6a Remaining time: 00:32
[08.12.2025 22:17:59.033] [TimeLight FRAME] 03 65 20 [00] > 54 97 f2 6a 
[08.12.2025 22:18:27.400] [TimeLight FRAME] 0a 65 20 [08] > 20 28 30 0c 2f 00 00 20 8f 47 6a Remaining time: 00:32
[08.12.2025 22:18:59.850] [TimeLight FRAME] 0a 65 20 [08] > 1f 28 30 0c 2e 00 00 1f a1 51 6a Remaining time: 00:31
[08.12.2025 22:18:59.982] [TimeLight FRAME] 03 65 20 [00] > 54 97 f2 6a 
[08.12.2025 22:19:27.401] [TimeLight FRAME] 0a 65 20 [08] > 1f 28 30 0c 2f 00 00 1f d7 e5 6a Remaining time: 00:31
[08.12.2025 22:19:59.769] [TimeLight FRAME] 0a 65 20 [08] > 1e 28 30 0c 2e 00 00 1e f6 a3 6a Remaining time: 00:30
[08.12.2025 22:19:59.888] [TimeLight FRAME] 03 65 20 [00] > 55 87 d3 6a 
[08.12.2025 22:20:27.402] [TimeLight FRAME] 0a 65 20 [08] > 1e 28 30 0c 2f 00 00 1e 80 17 6a Remaining time: 00:30
[08.12.2025 22:20:59.691] [TimeLight FRAME] 0a 65 20 [08] > 1d 28 30 0c 2e 00 00 1d 0e b5 6a Remaining time: 00:29
[08.12.2025 22:20:59.809] [TimeLight FRAME] 03 65 20 [00] > 55 87 d3 6a 
[08.12.2025 22:21:27.404] [TimeLight FRAME] 0a 65 20 [08] > 1d 28 30 0c 2f 00 00 1d 78 01 6a Remaining time: 00:29
[08.12.2025 22:21:59.611] [TimeLight FRAME] 0a 65 20 [08] > 1c 28 30 0c 2e 00 00 1c 59 47 6a Remaining time: 00:28
[08.12.2025 22:21:59.894] [TimeLight FRAME] 03 65 20 [00] > 56 b7 b0 6a 
[08.12.2025 22:22:27.386] [TimeLight FRAME] 0a 65 20 [08] > 1c 28 30 0c 2f 00 00 1c 2f f3 6a Remaining time: 00:28
[08.12.2025 22:22:59.532] [TimeLight FRAME] 0a 65 20 [08] > 1b 28 30 0c 2e 00 00 1b ee b8 6a Remaining time: 00:27
[08.12.2025 22:22:59.634] [TimeLight FRAME] 03 65 20 [00] > 56 b7 b0 6a 
[08.12.2025 22:23:27.388] [TimeLight FRAME] 0a 65 20 [08] > 1b 28 30 0c 2f 00 00 1b 98 0c 6a Remaining time: 00:27
[08.12.2025 22:23:59.452] [TimeLight FRAME] 0a 65 20 [08] > 1a 28 30 0c 2e 00 00 1a b9 4a 6a Remaining time: 00:26
[08.12.2025 22:23:59.568] [TimeLight FRAME] 03 65 20 [00] > 57 a7 91 6a 
[08.12.2025 22:24:27.389] [TimeLight FRAME] 0a 65 20 [08] > 1a 28 30 0c 2f 00 00 1a cf fe 6a Remaining time: 00:26
[08.12.2025 22:24:58.372] [TimeLight FRAME] 0a 65 20 [08] > 19 28 30 0c 2e 00 00 19 41 5c 6a Remaining time: 00:25
[08.12.2025 22:24:59.496] [TimeLight FRAME] 03 65 20 [00] > 57 a7 91 6a 
[08.12.2025 22:25:27.392] [TimeLight FRAME] 0a 65 20 [08] > 19 28 30 0c 2f 00 00 19 37 e8 6a Remaining time: 00:25
[08.12.2025 22:25:58.313] [TimeLight FRAME] 0a 65 20 [08] > 18 28 30 0c 2e 00 00 18 16 ae 6a Remaining time: 00:24
[08.12.2025 22:25:59.426] [TimeLight FRAME] 03 65 20 [00] > 58 56 7e 6a 
[08.12.2025 22:26:27.394] [TimeLight FRAME] 0a 65 20 [08] > 18 28 30 0c 2f 00 00 18 60 1a 6a Remaining time: 00:24
[08.12.2025 22:26:58.233] [TimeLight FRAME] 0a 65 20 [08] > 17 28 30 0c 2e 00 00 17 3e 83 6a Remaining time: 00:23
[08.12.2025 22:26:58.369] [TimeLight FRAME] 03 65 20 [00] > 58 56 7e 6a 
[08.12.2025 22:27:27.395] [TimeLight FRAME] 0a 65 20 [08] > 17 28 30 0c 2f 00 00 17 48 37 6a Remaining time: 00:23
[08.12.2025 22:27:58.154] [TimeLight FRAME] 0a 65 20 [08] > 16 28 30 0c 2e 00 00 16 69 71 6a Remaining time: 00:22
[08.12.2025 22:27:58.301] [TimeLight FRAME] 03 65 20 [00] > 59 46 5f 6a 
[08.12.2025 22:28:27.398] [TimeLight FRAME] 0a 65 20 [08] > 16 28 30 0c 2f 00 00 16 1f c5 6a Remaining time: 00:22
[08.12.2025 22:28:58.074] [TimeLight FRAME] 0a 65 20 [08] > 15 28 30 0c 2e 00 00 15 91 67 6a Remaining time: 00:21
[08.12.2025 22:28:58.209] [TimeLight FRAME] 03 65 20 [00] > 59 46 5f 6a 
[08.12.2025 22:29:27.399] [TimeLight FRAME] 0a 65 20 [08] > 15 28 30 0c 2f 00 00 15 e7 d3 6a Remaining time: 00:21
[08.12.2025 22:29:58.994] [TimeLight FRAME] 0a 65 20 [08] > 14 28 30 0c 2e 00 00 14 c6 95 6a Remaining time: 00:20
[08.12.2025 22:29:58.157] [TimeLight FRAME] 03 65 20 [00] > 5a 76 3c 6a 
[08.12.2025 22:30:27.401] [TimeLight FRAME] 0a 65 20 [08] > 14 28 30 0c 2f 00 00 14 b0 21 6a Remaining time: 00:20
[08.12.2025 22:30:58.915] [TimeLight FRAME] 0a 65 20 [08] > 13 28 30 0c 2e 00 00 13 71 6a 6a Remaining time: 00:19
[08.12.2025 22:30:58.059] [TimeLight FRAME] 03 65 20 [00] > 5a 76 3c 6a 
[08.12.2025 22:31:27.382] [TimeLight FRAME] 0a 65 20 [08] > 13 28 30 0c 2f 00 00 13 07 de 6a Remaining time: 00:19
[08.12.2025 22:31:58.835] [TimeLight FRAME] 0a 65 20 [08] > 12 28 30 0c 2e 00 00 12 26 98 6a Remaining time: 00:18
[08.12.2025 22:31:58.988] [TimeLight FRAME] 03 65 20 [00] > 5b 66 1d 6a 
[08.12.2025 22:32:27.384] [TimeLight FRAME] 0a 65 20 [08] > 12 28 30 0c 2f 00 00 12 50 2c 6a Remaining time: 00:18
[08.12.2025 22:32:58.754] [TimeLight FRAME] 0a 65 20 [08] > 11 28 30 0c 2e 00 00 11 de 8e 6a Remaining time: 00:17
[08.12.2025 22:32:58.902] [TimeLight FRAME] 03 65 20 [00] > 5b 66 1d 6a 
[08.12.2025 22:33:27.387] [TimeLight FRAME] 0a 65 20 [08] > 11 28 30 0c 2f 00 00 11 a8 3a 6a Remaining time: 00:17
[08.12.2025 22:33:58.676] [TimeLight FRAME] 0a 65 20 [08] > 10 28 30 0c 2e 00 00 10 89 7c 6a Remaining time: 00:16
[08.12.2025 22:33:58.824] [TimeLight FRAME] 03 65 20 [00] > 5c 16 fa 6a 
[08.12.2025 22:34:27.389] [TimeLight FRAME] 0a 65 20 [08] > 10 28 30 0c 2f 00 00 10 ff c8 6a Remaining time: 00:16
[08.12.2025 22:34:58.596] [TimeLight FRAME] 0a 65 20 [08] > 0f 28 30 0c 2e 00 00 0f 8e d4 6a Remaining time: 00:15
[08.12.2025 22:34:58.773] [TimeLight FRAME] 03 65 20 [00] > 5c 16 fa 6a 
[08.12.2025 22:35:27.390] [TimeLight FRAME] 0a 65 20 [08] > 0f 28 30 0c 2f 00 00 0f f8 60 6a Remaining time: 00:15
[08.12.2025 22:35:58.516] [TimeLight FRAME] 0a 65 20 [08] > 0e 28 30 0c 2e 00 00 0e d9 26 6a Remaining time: 00:14
[08.12.2025 22:35:58.689] [TimeLight FRAME] 03 65 20 [00] > 5d 06 db 6a 
[08.12.2025 22:36:27.392] [TimeLight FRAME] 0a 65 20 [08] > 0e 28 30 0c 2f 00 00 0e af 92 6a Remaining time: 00:14
[08.12.2025 22:36:58.436] [TimeLight FRAME] 0a 65 20 [08] > 0d 28 30 0c 2e 00 00 0d 21 30 6a Remaining time: 00:13
[08.12.2025 22:36:58.612] [TimeLight FRAME] 03 65 20 [00] > 5d 06 db 6a 
[08.12.2025 22:37:27.393] [TimeLight FRAME] 0a 65 20 [08] > 0d 28 30 0c 2f 00 00 0d 57 84 6a Remaining time: 00:13
[08.12.2025 22:37:57.376] [TimeLight FRAME] 0a 65 20 [08] > 0c 28 30 0c 2e 00 00 0c 76 c2 6a Remaining time: 00:12
[08.12.2025 22:37:58.578] [TimeLight FRAME] 03 65 20 [00] > 5e 36 b8 6a 
[08.12.2025 22:38:27.394] [TimeLight FRAME] 0a 65 20 [08] > 0c 28 30 0c 2f 00 00 0c 00 76 6a Remaining time: 00:12
[08.12.2025 22:38:57.298] [TimeLight FRAME] 0a 65 20 [08] > 0b 28 30 0c 2e 00 00 0b c1 3d 6a Remaining time: 00:11
[08.12.2025 22:38:58.494] [TimeLight FRAME] 03 65 20 [00] > 5e 36 b8 6a 
[08.12.2025 22:39:27.396] [TimeLight FRAME] 0a 65 20 [08] > 0b 28 30 0c 2f 00 00 0b b7 89 6a Remaining time: 00:11
[08.12.2025 22:39:57.218] [TimeLight FRAME] 0a 65 20 [08] > 0a 28 30 0c 2e 00 00 0a 96 cf 6a Remaining time: 00:10
[08.12.2025 22:39:58.419] [TimeLight FRAME] 03 65 20 [00] > 5f 26 99 6a 
[08.12.2025 22:40:27.398] [TimeLight FRAME] 0a 65 20 [08] > 0a 28 30 0c 2f 00 00 0a e0 7b 6a Remaining time: 00:10
[08.12.2025 22:40:57.138] [TimeLight FRAME] 0a 65 20 [08] > 09 28 30 0c 2e 00 00 09 6e d9 6a Remaining time: 00:09
[08.12.2025 22:40:57.333] [TimeLight FRAME] 03 65 20 [00] > 5f 26 99 6a 
[08.12.2025 22:41:27.400] [TimeLight FRAME] 0a 65 20 [08] > 09 28 30 0c 2f 00 00 09 18 6d 6a Remaining time: 00:09
[08.12.2025 22:41:57.059] [TimeLight FRAME] 0a 65 20 [08] > 08 28 30 0c 2e 00 00 08 39 2b 6a Remaining time: 00:08
[08.12.2025 22:41:57.271] [TimeLight FRAME] 03 65 20 [00] > 60 e1 25 6a 
[08.12.2025 22:42:27.382] [TimeLight FRAME] 0a 65 20 [08] > 08 28 30 0c 2f 00 00 08 4f 9f 6a Remaining time: 00:08
[08.12.2025 22:42:57.979] [TimeLight FRAME] 0a 65 20 [08] > 07 28 30 0c 2e 00 00 07 11 06 6a Remaining time: 00:07
[08.12.2025 22:42:57.199] [TimeLight FRAME] 03 65 20 [00] > 60 e1 25 6a 
[08.12.2025 22:43:27.385] [TimeLight FRAME] 0a 65 20 [08] > 07 28 30 0c 2f 00 00 07 67 b2 6a Remaining time: 00:07
[08.12.2025 22:43:57.899] [TimeLight FRAME] 0a 65 20 [08] > 06 28 30 0c 2e 00 00 06 46 f4 6a Remaining time: 00:06
[08.12.2025 22:43:57.100] [TimeLight FRAME] 03 65 20 [00] > 61 f1 04 6a 
[08.12.2025 22:44:27.385] [TimeLight FRAME] 0a 65 20 [08] > 06 28 30 0c 2f 00 00 06 30 40 6a Remaining time: 00:06
[08.12.2025 22:44:57.820] [TimeLight FRAME] 0a 65 20 [08] > 05 28 30 0c 2e 00 00 05 be e2 6a Remaining time: 00:05
[08.12.2025 22:44:57.101] [TimeLight FRAME] 03 65 20 [00] > 61 f1 04 6a 
[08.12.2025 22:45:27.387] [TimeLight FRAME] 0a 65 20 [08] > 05 28 30 0c 2f 00 00 05 c8 56 6a Remaining time: 00:05
[08.12.2025 22:45:57.740] [TimeLight FRAME] 0a 65 20 [08] > 04 28 30 0c 2e 00 00 04 e9 10 6a Remaining time: 00:04
[08.12.2025 22:45:57.834] [TimeLight FRAME] 03 65 20 [00] > 62 c1 67 6a 
[08.12.2025 22:46:27.390] [TimeLight FRAME] 0a 65 20 [08] > 04 28 30 0c 2f 00 00 04 9f a4 6a Remaining time: 00:04
[08.12.2025 22:46:57.661] [TimeLight FRAME] 0a 65 20 [08] > 03 28 30 0c 2e 00 00 03 5e ef 6a Remaining time: 00:03
[08.12.2025 22:46:57.756] [TimeLight FRAME] 03 65 20 [00] > 62 c1 67 6a 
[08.12.2025 22:47:27.391] [TimeLight FRAME] 0a 65 20 [08] > 03 28 30 0c 2f 00 00 03 28 5b 6a Remaining time: 00:03
[08.12.2025 22:47:57.580] [TimeLight FRAME] 0a 65 20 [08] > 02 28 30 0c 2e 00 00 02 09 1d 6a Remaining time: 00:02
[08.12.2025 22:47:57.692] [TimeLight FRAME] 03 65 20 [00] > 63 d1 46 6a 
[08.12.2025 22:48:27.393] [TimeLight FRAME] 0a 65 20 [08] > 02 28 30 0c 2f 00 00 02 7f a9 6a Remaining time: 00:02
[08.12.2025 22:48:53.112] [TimeLight FRAME] 03 65 20 [09] > 00 37 1b 6a 
[08.12.2025 22:48:57.503] [TimeLight FRAME] 0a 65 20 [08] > 01 28 30 0c 2e 00 00 01 f1 0b 6a Remaining time: 00:01
[08.12.2025 22:48:57.619] [TimeLight FRAME] 03 65 20 [00] > 63 d1 46 6a 
[08.12.2025 22:49:27.396] [TimeLight FRAME] 0a 65 20 [08] > 01 28 30 0c 2f 00 00 01 87 bf 6a Remaining time: 00:01
[08.12.2025 22:50:10.066] [TimeLight FRAME] 03 65 20 [09] > 00 37 1b 6a 
[08.12.2025 22:50:12.003] [TimeLight FRAME] 03 65 20 [09] > 00 37 1b 6a 
[08.12.2025 22:50:22.987] [TimeLight FRAME] 03 65 20 [09] > 00 37 1b 6a 
[08.12.2025 22:50:22.154] [TimeLight FRAME] 03 65 20 [07] > 03 24 77 6a 
[08.12.2025 22:50:22.270] [TimeLight FRAME] 03 65 20 [06] > 08 a6 2d 6a 
[08.12.2025 22:50:22.393] [TimeLight FRAME] 0a 65 20 [08] > 00 28 30 0c 2e 00 00 00 a6 f9 6a Remaining time: 00:00
[08.12.2025 22:50:23.531] [TimeLight FRAME] 03 65 20 [00] > 64 a1 a1 6a < program end
[08.12.2025 22:50:23.637] [TimeLight FRAME] 05 65 20 [04] > 20 00 00 21 3d 6a 
[08.12.2025 22:50:23.754] [TimeLight FRAME] 03 65 20 [05] > 28 d7 1c 6a 
[08.12.2025 22:50:23.889] [TimeLight FRAME] 04 65 20 [13] > ff ff 0c 58 6a 
[08.12.2025 22:50:27.382] [TimeLight FRAME] 0a 65 20 [08] > 00 28 30 0c 2f 00 00 00 d0 4d 6a Remaining time: 00:00
[08.12.2025 22:51:27.379] [TimeLight FRAME] 0a 65 20 [08] > 00 28 30 0c 30 00 00 00 1f 04 6a Remaining time: 00:00
[08.12.2025 22:52:22.509] [TimeLight FRAME] 03 65 20 [12] > 00 e8 92 6a 
[LOG] device reset!
[09.12.2025 08:21:27.852] [TimeLight FRAME] 0a 65 20 [08] > c3 28 30 01 21 00 03 0f 34 f5 6a Remaining time: 03:15
[09.12.2025 08:22:27.834] [TimeLight FRAME] 0a 65 20 [08] > c3 28 30 01 22 00 03 0f af 29 6a Remaining time: 03:15
[09.12.2025 08:23:27.839] [TimeLight FRAME] 0a 65 20 [08] > c3 28 30 01 23 00 03 0f d9 9d 6a Remaining time: 03:15
[09.12.2025 08:24:27.841] [TimeLight FRAME] 0a 65 20 [08] > c3 28 30 01 24 00 03 0f 88 b0 6a Remaining time: 03:15
[09.12.2025 08:25:27.845] [TimeLight FRAME] 0a 65 20 [08] > c3 28 30 01 25 00 03 0f fe 04 6a Remaining time: 03:15
[09.12.2025 08:26:27.829] [TimeLight FRAME] 0a 65 20 [08] > c3 28 30 01 26 00 03 0f 65 d8 6a Remaining time: 03:15
[09.12.2025 08:27:27.832] [TimeLight FRAME] 0a 65 20 [08] > c3 28 30 01 27 00 03 0f 13 6c 6a Remaining time: 03:15
[09.12.2025 08:28:27.836] [TimeLight FRAME] 0a 65 20 [08] > c3 28 30 01 28 00 03 0f c7 82 6a Remaining time: 03:15
[09.12.2025 08:29:27.838] [TimeLight FRAME] 0a 65 20 [08] > c3 28 30 01 29 00 03 0f b1 36 6a Remaining time: 03:15
[09.12.2025 08:30:27.842] [TimeLight FRAME] 0a 65 20 [08] > c3 28 30 01 2a 00 03 0f 2a ea 6a Remaining time: 03:15
[09.12.2025 08:31:27.823] [TimeLight FRAME] 0a 65 20 [08] > c3 28 30 01 2b 00 03 0f 5c 5e 6a Remaining time: 03:15
[09.12.2025 08:32:27.827] [TimeLight FRAME] 0a 65 20 [08] > c3 28 30 01 2c 00 03 0f 0d 73 6a Remaining time: 03:15
[09.12.2025 08:33:27.830] [TimeLight FRAME] 0a 65 20 [08] > c3 28 30 01 2d 00 03 0f 7b c7 6a Remaining time: 03:15
[09.12.2025 08:34:27.833] [TimeLight FRAME] 0a 65 20 [08] > c3 28 30 01 2e 00 03 0f e0 1b 6a Remaining time: 03:15
[09.12.2025 08:35:27.836] [TimeLight FRAME] 0a 65 20 [08] > c3 28 30 01 2f 00 03 0f 96 af 6a Remaining time: 03:15
[09.12.2025 08:36:27.819] [TimeLight FRAME] 0a 65 20 [08] > c3 28 30 01 30 00 03 0f 59 e6 6a Remaining time: 03:15
[09.12.2025 08:37:27.821] [TimeLight FRAME] 0a 65 20 [08] > c3 28 30 01 31 00 03 0f 2f 52 6a Remaining time: 03:15
[09.12.2025 08:38:27.824] [TimeLight FRAME] 0a 65 20 [08] > c3 28 30 01 32 00 03 0f b4 8e 6a Remaining time: 03:15
[09.12.2025 08:39:27.826] [TimeLight FRAME] 0a 65 20 [08] > c3 28 30 01 33 00 03 0f c2 3a 6a Remaining time: 03:15
[09.12.2025 08:40:27.828] [TimeLight FRAME] 0a 65 20 [08] > c3 28 30 01 34 00 03 0f 93 17 6a Remaining time: 03:15
[09.12.2025 08:41:27.833] [TimeLight FRAME] 0a 65 20 [08] > c3 28 30 01 35 00 03 0f e5 a3 6a Remaining time: 03:15
[09.12.2025 08:42:27.814] [TimeLight FRAME] 0a 65 20 [08] > c3 28 30 01 36 00 03 0f 7e 7f 6a Remaining time: 03:15
[09.12.2025 08:43:27.817] [TimeLight FRAME] 0a 65 20 [08] > c3 28 30 01 37 00 03 0f 08 cb 6a Remaining time: 03:15
[09.12.2025 08:44:27.818] [TimeLight FRAME] 0a 65 20 [08] > c3 28 30 01 38 00 03 0f dc 25 6a Remaining time: 03:15
[09.12.2025 08:45:27.822] [TimeLight FRAME] 0a 65 20 [08] > c3 28 30 01 39 00 03 0f aa 91 6a Remaining time: 03:15
[09.12.2025 08:46:27.824] [TimeLight FRAME] 0a 65 20 [08] > c3 28 30 01 3a 00 03 0f 31 4d 6a Remaining time: 03:15
[09.12.2025 08:47:27.825] [TimeLight FRAME] 0a 65 20 [08] > c3 28 30 01 3b 00 03 0f 47 f9 6a Remaining time: 03:15
[09.12.2025 08:48:27.829] [TimeLight FRAME] 0a 65 20 [08] > c3 28 30 02 00 00 03 0f 9b dd 6a Remaining time: 03:15
[09.12.2025 08:49:27.809] [TimeLight FRAME] 0a 65 20 [08] > c3 28 30 02 01 00 03 0f ed 69 6a Remaining time: 03:15
[09.12.2025 08:50:27.813] [TimeLight FRAME] 0a 65 20 [08] > c3 28 30 02 02 00 03 0f 76 b5 6a Remaining time: 03:15
[09.12.2025 08:51:27.814] [TimeLight FRAME] 0a 65 20 [08] > c3 28 30 02 03 00 03 0f 00 01 6a Remaining time: 03:15
[09.12.2025 08:52:27.816] [TimeLight FRAME] 0a 65 20 [08] > c3 28 30 02 04 00 03 0f 51 2c 6a Remaining time: 03:15
[09.12.2025 08:53:27.817] [TimeLight FRAME] 0a 65 20 [08] > c3 28 30 02 05 00 03 0f 27 98 6a Remaining time: 03:15
[09.12.2025 08:54:27.820] [TimeLight FRAME] 0a 65 20 [08] > c3 28 30 02 06 00 03 0f bc 44 6a Remaining time: 03:15
[09.12.2025 08:55:27.822] [TimeLight FRAME] 0a 65 20 [08] > c3 28 30 02 07 00 03 0f ca f0 6a Remaining time: 03:15
[09.12.2025 08:56:27.803] [TimeLight FRAME] 0a 65 20 [08] > c3 28 30 02 08 00 03 0f 1e 1e 6a Remaining time: 03:15
[09.12.2025 08:57:27.805] [TimeLight FRAME] 0a 65 20 [08] > c3 28 30 02 09 00 03 0f 68 aa 6a Remaining time: 03:15
[09.12.2025 08:58:27.807] [TimeLight FRAME] 0a 65 20 [08] > c3 28 30 02 0a 00 03 0f f3 76 6a Remaining time: 03:15
[09.12.2025 08:59:27.809] [TimeLight FRAME] 0a 65 20 [08] > c3 28 30 02 0b 00 03 0f 85 c2 6a Remaining time: 03:15
[09.12.2025 09:00:27.810] [TimeLight FRAME] 0a 65 20 [08] > c3 28 30 02 0c 00 03 0f d4 ef 6a Remaining time: 03:15
[09.12.2025 09:01:27.813] [TimeLight FRAME] 0a 65 20 [08] > c3 28 30 02 0d 00 03 0f a2 5b 6a Remaining time: 03:15
[09.12.2025 09:02:27.814] [TimeLight FRAME] 0a 65 20 [08] > c3 28 30 02 0e 00 03 0f 39 87 6a Remaining time: 03:15
[09.12.2025 09:03:27.798] [TimeLight FRAME] 0a 65 20 [08] > c3 28 30 02 0f 00 03 0f 4f 33 6a Remaining time: 03:15
[09.12.2025 09:04:27.799] [TimeLight FRAME] 0a 65 20 [08] > c3 28 30 02 10 00 03 0f 80 7a 6a Remaining time: 03:15
[09.12.2025 09:05:27.802] [TimeLight FRAME] 0a 65 20 [08] > c3 28 30 02 11 00 03 0f f6 ce 6a Remaining time: 03:15
[09.12.2025 09:06:27.802] [TimeLight FRAME] 0a 65 20 [08] > c3 28 30 02 12 00 03 0f 6d 12 6a Remaining time: 03:15
[09.12.2025 09:07:27.805] [TimeLight FRAME] 0a 65 20 [08] > c3 28 30 02 13 00 03 0f 1b a6 6a Remaining time: 03:15
[09.12.2025 09:08:27.807] [TimeLight FRAME] 0a 65 20 [08] > c3 28 30 02 14 00 03 0f 4a 8b 6a Remaining time: 03:15
[09.12.2025 09:09:27.808] [TimeLight FRAME] 0a 65 20 [08] > c3 28 30 02 15 00 03 0f 3c 3f 6a Remaining time: 03:15
[09.12.2025 09:10:27.811] [TimeLight FRAME] 0a 65 20 [08] > c3 28 30 02 16 00 03 0f a7 e3 6a Remaining time: 03:15
[09.12.2025 09:11:27.791] [TimeLight FRAME] 0a 65 20 [08] > c3 28 30 02 17 00 03 0f d1 57 6a Remaining time: 03:15
[09.12.2025 09:12:27.794] [TimeLight FRAME] 0a 65 20 [08] > c3 28 30 02 18 00 03 0f 05 b9 6a Remaining time: 03:15
[09.12.2025 09:13:27.793] [TimeLight FRAME] 0a 65 20 [08] > c3 28 30 02 19 00 03 0f 73 0d 6a Remaining time: 03:15
[09.12.2025 09:14:27.796] [TimeLight FRAME] 0a 65 20 [08] > c3 28 30 02 1a 00 03 0f e8 d1 6a Remaining time: 03:15
[09.12.2025 09:15:27.797] [TimeLight FRAME] 0a 65 20 [08] > c3 28 30 02 1b 00 03 0f 9e 65 6a Remaining time: 03:15
[09.12.2025 09:16:27.800] [TimeLight FRAME] 0a 65 20 [08] > c3 28 30 02 1c 00 03 0f cf 48 6a Remaining time: 03:15
[09.12.2025 09:17:27.802] [TimeLight FRAME] 0a 65 20 [08] > c3 28 30 02 1d 00 03 0f b9 fc 6a Remaining time: 03:15
[09.12.2025 09:18:27.803] [TimeLight FRAME] 0a 65 20 [08] > c3 28 30 02 1e 00 03 0f 22 20 6a Remaining time: 03:15
[09.12.2025 09:19:27.785] [TimeLight FRAME] 0a 65 20 [08] > c3 28 30 02 1f 00 03 0f 54 94 6a Remaining time: 03:15
[09.12.2025 09:20:27.787] [TimeLight FRAME] 0a 65 20 [08] > c3 28 30 02 20 00 03 0f ac 93 6a Remaining time: 03:15
[09.12.2025 09:21:27.788] [TimeLight FRAME] 0a 65 20 [08] > c3 28 30 02 21 00 03 0f da 27 6a Remaining time: 03:15
[09.12.2025 09:22:27.789] [TimeLight FRAME] 0a 65 20 [08] > c3 28 30 02 22 00 03 0f 41 fb 6a Remaining time: 03:15
[09.12.2025 09:23:27.792] [TimeLight FRAME] 0a 65 20 [08] > c3 28 30 02 23 00 03 0f 37 4f 6a Remaining time: 03:15